<?xml version="1.0" encoding="UTF-8"?>
<testsuite name="com.example.sell.service.SellerInfoServiceTest" time="0.001" tests="2" errors="2" skipped="0" failures="0">
  <properties>
[...]
</properties>
  <testcase name="test" classname="com.example.sell.service.SellerInfoServiceTest" time="0.001">
    <error message="Error creating bean with name &apos;com.example.sell.service.SellerInfoServiceTest&apos;: Unsatisfied dependency expressed through field &apos;sellerInfoService&apos;; nested exception is org.springframework.beans.factory.NoSuchBeanDefinitionException: No qualifying bean of type &apos;com.example.sell.service.SellerInfoService&apos; available: expected at least 1 bean which qualifies as autowire candidate. Dependency annotations: {@org.springframework.beans.factory.annotation.Autowired(required=true)}" type="org.springframework.beans.factory.UnsatisfiedDependencyException">org.springframework.beans.factory.UnsatisfiedDependencyException: Error creating bean with name 'com.example.sell.service.SellerInfoServiceTest': Unsatisfied dependency expressed through field 'sellerInfoService'; nested exception is org.springframework.beans.factory.NoSuchBeanDefinitionException: No qualifying bean of type 'com.example.sell.service.SellerInfoService' available: expected at least 1 bean which qualifies as autowire candidate. Dependency annotations: {@org.springframework.beans.factory.annotation.Autowired(required=true)}
	at org.springframework.beans.factory.annotation.AutowiredAnnotationBeanPostProcessor$AutowiredFieldElement.inject(AutowiredAnnotationBeanPostProcessor.java:588)
	at org.springframework.beans.factory.annotation.InjectionMetadata.inject(InjectionMetadata.java:88)
	at org.springframework.beans.factory.annotation.AutowiredAnnotationBeanPostProcessor.postProcessPropertyValues(AutowiredAnnotationBeanPostProcessor.java:366)
	at org.springframework.beans.factory.support.AbstractAutowireCapableBeanFactory.populateBean(AbstractAutowireCapableBeanFactory.java:1264)
	at org.springframework.beans.factory.support.AbstractAutowireCapableBeanFactory.autowireBeanProperties(AbstractAutowireCapableBeanFactory.java:386)
	at org.springframework.test.context.support.DependencyInjectionTestExecutionListener.injectDependencies(DependencyInjectionTestExecutionListener.java:118)
	at org.springframework.test.context.support.DependencyInjectionTestExecutionListener.prepareTestInstance(DependencyInjectionTestExecutionListener.java:83)
	at org.springframework.boot.test.autoconfigure.SpringBootDependencyInjectionTestExecutionListener.prepareTestInstance(SpringBootDependencyInjectionTestExecutionListener.java:44)
	at org.springframework.test.context.TestContextManager.prepareTestInstance(TestContextManager.java:230)
	at org.springframework.test.context.junit4.SpringJUnit4ClassRunner.createTest(SpringJUnit4ClassRunner.java:228)
	at org.springframework.test.context.junit4.SpringJUnit4ClassRunner$1.runReflectiveCall(SpringJUnit4ClassRunner.java:287)
	at org.junit.internal.runners.model.ReflectiveCallable.run(ReflectiveCallable.java:12)
	at org.springframework.test.context.junit4.SpringJUnit4ClassRunner.methodBlock(SpringJUnit4ClassRunner.java:289)
	at org.springframework.test.context.junit4.SpringJUnit4ClassRunner.runChild(SpringJUnit4ClassRunner.java:247)
	at org.springframework.test.context.junit4.SpringJUnit4ClassRunner.runChild(SpringJUnit4ClassRunner.java:94)
	at org.junit.runners.ParentRunner$3.run(ParentRunner.java:290)
	at org.junit.runners.ParentRunner$1.schedule(ParentRunner.java:71)
	at org.junit.runners.ParentRunner.runChildren(ParentRunner.java:288)
	at org.junit.runners.ParentRunner.access$000(ParentRunner.java:58)
	at org.junit.runners.ParentRunner$2.evaluate(ParentRunner.java:268)
	at org.springframework.test.context.junit4.statements.RunBeforeTestClassCallbacks.evaluate(RunBeforeTestClassCallbacks.java:61)
	at org.springframework.test.context.junit4.statements.RunAfterTestClassCallbacks.evaluate(RunAfterTestClassCallbacks.java:70)
	at org.junit.runners.ParentRunner.run(ParentRunner.java:363)
	at org.springframework.test.context.junit4.SpringJUnit4ClassRunner.run(SpringJUnit4ClassRunner.java:191)
	at org.apache.maven.surefire.junit4.JUnit4Provider.execute(JUnit4Provider.java:283)
	at org.apache.maven.surefire.junit4.JUnit4Provider.executeWithRerun(JUnit4Provider.java:173)
	at org.apache.maven.surefire.junit4.JUnit4Provider.executeTestSet(JUnit4Provider.java:153)
	at org.apache.maven.surefire.junit4.JUnit4Provider.invoke(JUnit4Provider.java:128)
	at org.apache.maven.surefire.booter.ForkedBooter.invokeProviderInSameClassLoader(ForkedBooter.java:203)
	at org.apache.maven.surefire.booter.ForkedBooter.runSuitesInProcess(ForkedBooter.java:155)
	at org.apache.maven.surefire.booter.ForkedBooter.main(ForkedBooter.java:103)
Caused by: org.springframework.beans.factory.NoSuchBeanDefinitionException: No qualifying bean of type 'com.example.sell.service.SellerInfoService' available: expected at least 1 bean which qualifies as autowire candidate. Dependency annotations: {@org.springframework.beans.factory.annotation.Autowired(required=true)}
	at org.springframework.beans.factory.support.DefaultListableBeanFactory.raiseNoMatchingBeanFound(DefaultListableBeanFactory.java:1493)
	at org.springframework.beans.factory.support.DefaultListableBeanFactory.doResolveDependency(DefaultListableBeanFactory.java:1104)
	at org.springframework.beans.factory.support.DefaultListableBeanFactory.resolveDependency(DefaultListableBeanFactory.java:1066)
	at org.springframework.beans.factory.annotation.AutowiredAnnotationBeanPostProcessor$AutowiredFieldElement.inject(AutowiredAnnotationBeanPostProcessor.java:585)
	at org.springframework.beans.factory.annotation.InjectionMetadata.inject(InjectionMetadata.java:88)
	at org.springframework.beans.factory.annotation.AutowiredAnnotationBeanPostProcessor.postProcessPropertyValues(AutowiredAnnotationBeanPostProcessor.java:366)
	at org.springframework.beans.factory.support.AbstractAutowireCapableBeanFactory.populateBean(AbstractAutowireCapableBeanFactory.java:1264)
	at org.springframework.beans.factory.support.AbstractAutowireCapableBeanFactory.autowireBeanProperties(AbstractAutowireCapableBeanFactory.java:386)
	at org.springframework.test.context.support.DependencyInjectionTestExecutionListener.injectDependencies(DependencyInjectionTestExecutionListener.java:118)
	at org.springframework.test.context.support.DependencyInjectionTestExecutionListener.prepareTestInstance(DependencyInjectionTestExecutionListener.java:83)
	at org.springframework.boot.test.autoconfigure.SpringBootDependencyInjectionTestExecutionListener.prepareTestInstance(SpringBootDependencyInjectionTestExecutionListener.java:44)
	at org.springframework.test.context.TestContextManager.prepareTestInstance(TestContextManager.java:230)
	at org.springframework.test.context.junit4.SpringJUnit4ClassRunner.createTest(SpringJUnit4ClassRunner.java:228)
	at org.springframework.test.context.junit4.SpringJUnit4ClassRunner$1.runReflectiveCall(SpringJUnit4ClassRunner.java:287)
	at org.junit.internal.runners.model.ReflectiveCallable.run(ReflectiveCallable.java:12)
	at org.springframework.test.context.junit4.SpringJUnit4ClassRunner.methodBlock(SpringJUnit4ClassRunner.java:289)
	at org.springframework.test.context.junit4.SpringJUnit4ClassRunner.runChild(SpringJUnit4ClassRunner.java:247)
	at org.springframework.test.context.junit4.SpringJUnit4ClassRunner.runChild(SpringJUnit4ClassRunner.java:94)
	at org.junit.runners.ParentRunner$3.run(ParentRunner.java:290)
	at org.junit.runners.ParentRunner$1.schedule(ParentRunner.java:71)
	at org.junit.runners.ParentRunner.runChildren(ParentRunner.java:288)
	at org.junit.runners.ParentRunner.access$000(ParentRunner.java:58)
	at org.junit.runners.ParentRunner$2.evaluate(ParentRunner.java:268)
	at org.springframework.test.context.junit4.statements.RunBeforeTestClassCallbacks.evaluate(RunBeforeTestClassCallbacks.java:61)
	at org.springframework.test.context.junit4.statements.RunAfterTestClassCallbacks.evaluate(RunAfterTestClassCallbacks.java:70)
	at org.junit.runners.ParentRunner.run(ParentRunner.java:363)
	at org.springframework.test.context.junit4.SpringJUnit4ClassRunner.run(SpringJUnit4ClassRunner.java:191)
	at org.apache.maven.surefire.junit4.JUnit4Provider.execute(JUnit4Provider.java:283)
	at org.apache.maven.surefire.junit4.JUnit4Provider.executeWithRerun(JUnit4Provider.java:173)
	at org.apache.maven.surefire.junit4.JUnit4Provider.executeTestSet(JUnit4Provider.java:153)
	at org.apache.maven.surefire.junit4.JUnit4Provider.invoke(JUnit4Provider.java:128)
	at org.apache.maven.surefire.booter.ForkedBooter.invokeProviderInSameClassLoader(ForkedBooter.java:203)
	at org.apache.maven.surefire.booter.ForkedBooter.runSuitesInProcess(ForkedBooter.java:155)
	at org.apache.maven.surefire.booter.ForkedBooter.main(ForkedBooter.java:103)
</error>
    <system-out><![CDATA[23:46:38.736 [main] DEBUG org.springframework.test.context.junit4.SpringJUnit4ClassRunner - SpringJUnit4ClassRunner constructor called with [class com.example.sell.service.SellerInfoServiceTest]
23:46:38.743 [main] DEBUG org.springframework.test.context.BootstrapUtils - Instantiating CacheAwareContextLoaderDelegate from class [org.springframework.test.context.cache.DefaultCacheAwareContextLoaderDelegate]
23:46:38.751 [main] DEBUG org.springframework.test.context.BootstrapUtils - Instantiating BootstrapContext using constructor [public org.springframework.test.context.support.DefaultBootstrapContext(java.lang.Class,org.springframework.test.context.CacheAwareContextLoaderDelegate)]
23:46:38.767 [main] DEBUG org.springframework.test.context.BootstrapUtils - Instantiating TestContextBootstrapper for test class [com.example.sell.service.SellerInfoServiceTest] from class [org.springframework.boot.test.context.SpringBootTestContextBootstrapper]
23:46:38.783 [main] INFO org.springframework.boot.test.context.SpringBootTestContextBootstrapper - Neither @ContextConfiguration nor @ContextHierarchy found for test class [com.example.sell.service.SellerInfoServiceTest], using SpringBootContextLoader
23:46:38.787 [main] DEBUG org.springframework.test.context.support.AbstractContextLoader - Did not detect default resource location for test class [com.example.sell.service.SellerInfoServiceTest]: class path resource [com/example/sell/service/SellerInfoServiceTest-context.xml] does not exist
23:46:38.788 [main] DEBUG org.springframework.test.context.support.AbstractContextLoader - Did not detect default resource location for test class [com.example.sell.service.SellerInfoServiceTest]: class path resource [com/example/sell/service/SellerInfoServiceTestContext.groovy] does not exist
23:46:38.788 [main] INFO org.springframework.test.context.support.AbstractContextLoader - Could not detect default resource locations for test class [com.example.sell.service.SellerInfoServiceTest]: no resource found for suffixes {-context.xml, Context.groovy}.
23:46:38.789 [main] INFO org.springframework.test.context.support.AnnotationConfigContextLoaderUtils - Could not detect default configuration classes for test class [com.example.sell.service.SellerInfoServiceTest]: SellerInfoServiceTest does not declare any static, non-private, non-final, nested classes annotated with @Configuration.
23:46:38.831 [main] DEBUG org.springframework.test.context.support.ActiveProfilesUtils - Could not find an 'annotation declaring class' for annotation type [org.springframework.test.context.ActiveProfiles] and class [com.example.sell.service.SellerInfoServiceTest]
23:46:38.841 [main] DEBUG org.springframework.core.env.StandardEnvironment - Adding PropertySource 'systemProperties' with lowest search precedence
23:46:38.841 [main] DEBUG org.springframework.core.env.StandardEnvironment - Adding PropertySource 'systemEnvironment' with lowest search precedence
23:46:38.842 [main] DEBUG org.springframework.core.env.StandardEnvironment - Initialized StandardEnvironment with PropertySources [MapPropertySource@18897540 {name='systemProperties', properties={idea.version=2018.1.2, java.runtime.name=Java(TM) SE Runtime Environment, sun.boot.library.path=D:\develop\Java\jdk1.8.0_191\jre\bin, java.vm.version=25.191-b12, java.vm.vendor=Oracle Corporation, java.vendor.url=http://java.oracle.com/, path.separator=;, java.vm.name=Java HotSpot(TM) Client VM, file.encoding.pkg=sun.io, user.country=CN, user.script=, sun.java.launcher=SUN_STANDARD, sun.os.patch.level=Service Pack 1, java.vm.specification.name=Java Virtual Machine Specification, user.dir=D:\develop\IntelliJ IDEA 2018.1.2\workspace\sell, java.runtime.version=1.8.0_191-b12, basedir=D:\develop\IntelliJ IDEA 2018.1.2\workspace\sell, java.awt.graphicsenv=sun.awt.Win32GraphicsEnvironment, java.endorsed.dirs=D:\develop\Java\jdk1.8.0_191\jre\lib\endorsed, os.arch=x86, surefire.real.class.path=D:\develop\IntelliJ IDEA 2018.1.2\workspace\sell\target\surefire\surefirebooter1952850897608110266.jar, java.io.tmpdir=C:\Users\YWA\AppData\Local\Temp\, line.separator=
, java.vm.specification.vendor=Oracle Corporation, user.variant=, os.name=Windows 7, sun.jnu.encoding=GBK, java.library.path=D:\develop\Java\jdk1.8.0_191\jre\bin;C:\Windows\Sun\Java\bin;C:\Windows\system32;C:\Windows;C:\Program Files (x86)\Common Files\Oracle\Java\javapath;D:\develop\apache-maven-3.3.9\bin;D:\develop\Java\jdk1.8.0_191\bin;C:\Program Files (x86)\Intel\iCLS Client\;C:\Program Files\Intel\iCLS Client\;C:\Windows\system32;C:\Windows;C:\Windows\System32\Wbem;C:\Windows\System32\WindowsPowerShell\v1.0\;C:\Program Files\Intel\Intel(R) Management Engine Components\DAL;C:\Program Files\Intel\Intel(R) Management Engine Components\IPT;C:\Program Files (x86)\Intel\Intel(R) Management Engine Components\DAL;C:\Program Files (x86)\Intel\Intel(R) Management Engine Components\IPT;D:\develop\MYSQL\Server\bin;D:\develop\Git\cmd;D:\develop\TortoiseGit\bin;., surefire.test.class.path=D:\develop\IntelliJ IDEA 2018.1.2\workspace\sell\target\test-classes;D:\develop\IntelliJ IDEA 2018.1.2\workspace\sell\target\classes;D:\develop\apache-maven-3.3.9\repository\org\springframework\boot\spring-boot-starter-web\1.5.10.RELEASE\spring-boot-starter-web-1.5.10.RELEASE.jar;D:\develop\apache-maven-3.3.9\repository\org\springframework\boot\spring-boot-starter\1.5.10.RELEASE\spring-boot-starter-1.5.10.RELEASE.jar;D:\develop\apache-maven-3.3.9\repository\org\springframework\boot\spring-boot-starter-logging\1.5.10.RELEASE\spring-boot-starter-logging-1.5.10.RELEASE.jar;D:\develop\apache-maven-3.3.9\repository\ch\qos\logback\logback-classic\1.1.11\logback-classic-1.1.11.jar;D:\develop\apache-maven-3.3.9\repository\ch\qos\logback\logback-core\1.1.11\logback-core-1.1.11.jar;D:\develop\apache-maven-3.3.9\repository\org\slf4j\jcl-over-slf4j\1.7.25\jcl-over-slf4j-1.7.25.jar;D:\develop\apache-maven-3.3.9\repository\org\slf4j\jul-to-slf4j\1.7.25\jul-to-slf4j-1.7.25.jar;D:\develop\apache-maven-3.3.9\repository\org\slf4j\log4j-over-slf4j\1.7.25\log4j-over-slf4j-1.7.25.jar;D:\develop\apache-maven-3.3.9\repository\org\yaml\snakeyaml\1.17\snakeyaml-1.17.jar;D:\develop\apache-maven-3.3.9\repository\org\springframework\boot\spring-boot-starter-tomcat\1.5.10.RELEASE\spring-boot-starter-tomcat-1.5.10.RELEASE.jar;D:\develop\apache-maven-3.3.9\repository\org\apache\tomcat\embed\tomcat-embed-core\8.5.27\tomcat-embed-core-8.5.27.jar;D:\develop\apache-maven-3.3.9\repository\org\apache\tomcat\tomcat-annotations-api\8.5.27\tomcat-annotations-api-8.5.27.jar;D:\develop\apache-maven-3.3.9\repository\org\apache\tomcat\embed\tomcat-embed-el\8.5.27\tomcat-embed-el-8.5.27.jar;D:\develop\apache-maven-3.3.9\repository\org\apache\tomcat\embed\tomcat-embed-websocket\8.5.27\tomcat-embed-websocket-8.5.27.jar;D:\develop\apache-maven-3.3.9\repository\org\hibernate\hibernate-validator\5.3.6.Final\hibernate-validator-5.3.6.Final.jar;D:\develop\apache-maven-3.3.9\repository\javax\validation\validation-api\1.1.0.Final\validation-api-1.1.0.Final.jar;D:\develop\apache-maven-3.3.9\repository\org\jboss\logging\jboss-logging\3.3.1.Final\jboss-logging-3.3.1.Final.jar;D:\develop\apache-maven-3.3.9\repository\com\fasterxml\classmate\1.3.4\classmate-1.3.4.jar;D:\develop\apache-maven-3.3.9\repository\com\fasterxml\jackson\core\jackson-databind\2.8.10\jackson-databind-2.8.10.jar;D:\develop\apache-maven-3.3.9\repository\com\fasterxml\jackson\core\jackson-annotations\2.8.0\jackson-annotations-2.8.0.jar;D:\develop\apache-maven-3.3.9\repository\com\fasterxml\jackson\core\jackson-core\2.8.10\jackson-core-2.8.10.jar;D:\develop\apache-maven-3.3.9\repository\org\springframework\spring-web\4.3.14.RELEASE\spring-web-4.3.14.RELEASE.jar;D:\develop\apache-maven-3.3.9\repository\org\springframework\spring-aop\4.3.14.RELEASE\spring-aop-4.3.14.RELEASE.jar;D:\develop\apache-maven-3.3.9\repository\org\springframework\spring-beans\4.3.14.RELEASE\spring-beans-4.3.14.RELEASE.jar;D:\develop\apache-maven-3.3.9\repository\org\springframework\spring-context\4.3.14.RELEASE\spring-context-4.3.14.RELEASE.jar;D:\develop\apache-maven-3.3.9\repository\org\springframework\spring-webmvc\4.3.14.RELEASE\spring-webmvc-4.3.14.RELEASE.jar;D:\develop\apache-maven-3.3.9\repository\org\springframework\spring-expression\4.3.14.RELEASE\spring-expression-4.3.14.RELEASE.jar;D:\develop\apache-maven-3.3.9\repository\org\springframework\boot\spring-boot-starter-test\1.5.10.RELEASE\spring-boot-starter-test-1.5.10.RELEASE.jar;D:\develop\apache-maven-3.3.9\repository\org\springframework\boot\spring-boot-test\1.5.10.RELEASE\spring-boot-test-1.5.10.RELEASE.jar;D:\develop\apache-maven-3.3.9\repository\org\springframework\boot\spring-boot-test-autoconfigure\1.5.10.RELEASE\spring-boot-test-autoconfigure-1.5.10.RELEASE.jar;D:\develop\apache-maven-3.3.9\repository\com\jayway\jsonpath\json-path\2.2.0\json-path-2.2.0.jar;D:\develop\apache-maven-3.3.9\repository\net\minidev\json-smart\2.2.1\json-smart-2.2.1.jar;D:\develop\apache-maven-3.3.9\repository\net\minidev\accessors-smart\1.1\accessors-smart-1.1.jar;D:\develop\apache-maven-3.3.9\repository\org\ow2\asm\asm\5.0.3\asm-5.0.3.jar;D:\develop\apache-maven-3.3.9\repository\org\slf4j\slf4j-api\1.7.25\slf4j-api-1.7.25.jar;D:\develop\apache-maven-3.3.9\repository\junit\junit\4.12\junit-4.12.jar;D:\develop\apache-maven-3.3.9\repository\org\assertj\assertj-core\2.6.0\assertj-core-2.6.0.jar;D:\develop\apache-maven-3.3.9\repository\org\mockito\mockito-core\1.10.19\mockito-core-1.10.19.jar;D:\develop\apache-maven-3.3.9\repository\org\objenesis\objenesis\2.1\objenesis-2.1.jar;D:\develop\apache-maven-3.3.9\repository\org\hamcrest\hamcrest-core\1.3\hamcrest-core-1.3.jar;D:\develop\apache-maven-3.3.9\repository\org\hamcrest\hamcrest-library\1.3\hamcrest-library-1.3.jar;D:\develop\apache-maven-3.3.9\repository\org\skyscreamer\jsonassert\1.4.0\jsonassert-1.4.0.jar;D:\develop\apache-maven-3.3.9\repository\com\vaadin\external\google\android-json\0.0.20131108.vaadin1\android-json-0.0.20131108.vaadin1.jar;D:\develop\apache-maven-3.3.9\repository\org\springframework\spring-core\4.3.14.RELEASE\spring-core-4.3.14.RELEASE.jar;D:\develop\apache-maven-3.3.9\repository\org\springframework\spring-test\4.3.14.RELEASE\spring-test-4.3.14.RELEASE.jar;D:\develop\apache-maven-3.3.9\repository\mysql\mysql-connector-java\5.1.45\mysql-connector-java-5.1.45.jar;D:\develop\apache-maven-3.3.9\repository\com\alibaba\druid\1.0.9\druid-1.0.9.jar;D:\develop\Java\jdk1.8.0_191\jre\..\lib\jconsole.jar;D:\develop\Java\jdk1.8.0_191\jre\..\lib\tools.jar;D:\develop\apache-maven-3.3.9\repository\org\projectlombok\lombok\1.16.20\lombok-1.16.20.jar;D:\develop\apache-maven-3.3.9\repository\org\springframework\boot\spring-boot-devtools\1.5.10.RELEASE\spring-boot-devtools-1.5.10.RELEASE.jar;D:\develop\apache-maven-3.3.9\repository\org\springframework\boot\spring-boot\1.5.10.RELEASE\spring-boot-1.5.10.RELEASE.jar;D:\develop\apache-maven-3.3.9\repository\org\springframework\boot\spring-boot-autoconfigure\1.5.10.RELEASE\spring-boot-autoconfigure-1.5.10.RELEASE.jar;D:\develop\apache-maven-3.3.9\repository\org\mybatis\spring\boot\mybatis-spring-boot-starter\1.2.1\mybatis-spring-boot-starter-1.2.1.jar;D:\develop\apache-maven-3.3.9\repository\org\springframework\boot\spring-boot-starter-jdbc\1.5.10.RELEASE\spring-boot-starter-jdbc-1.5.10.RELEASE.jar;D:\develop\apache-maven-3.3.9\repository\org\apache\tomcat\tomcat-jdbc\8.5.27\tomcat-jdbc-8.5.27.jar;D:\develop\apache-maven-3.3.9\repository\org\apache\tomcat\tomcat-juli\8.5.27\tomcat-juli-8.5.27.jar;D:\develop\apache-maven-3.3.9\repository\org\springframework\spring-jdbc\4.3.14.RELEASE\spring-jdbc-4.3.14.RELEASE.jar;D:\develop\apache-maven-3.3.9\repository\org\springframework\spring-tx\4.3.14.RELEASE\spring-tx-4.3.14.RELEASE.jar;D:\develop\apache-maven-3.3.9\repository\org\mybatis\spring\boot\mybatis-spring-boot-autoconfigure\1.2.1\mybatis-spring-boot-autoconfigure-1.2.1.jar;D:\develop\apache-maven-3.3.9\repository\org\mybatis\mybatis\3.4.4\mybatis-3.4.4.jar;D:\develop\apache-maven-3.3.9\repository\org\mybatis\mybatis-spring\1.3.1\mybatis-spring-1.3.1.jar;, java.specification.name=Java Platform API Specification, java.class.version=52.0, sun.management.compiler=HotSpot Client Compiler, maven.repo.local=D:\develop\apache-maven-3.3.9\repository, os.version=6.1, user.home=C:\Users\YWA, user.timezone=Asia/Shanghai, java.awt.printerjob=sun.awt.windows.WPrinterJob, file.encoding=GBK, java.specification.version=1.8, java.class.path=D:\develop\IntelliJ IDEA 2018.1.2\workspace\sell\target\test-classes;D:\develop\IntelliJ IDEA 2018.1.2\workspace\sell\target\classes;D:\develop\apache-maven-3.3.9\repository\org\springframework\boot\spring-boot-starter-web\1.5.10.RELEASE\spring-boot-starter-web-1.5.10.RELEASE.jar;D:\develop\apache-maven-3.3.9\repository\org\springframework\boot\spring-boot-starter\1.5.10.RELEASE\spring-boot-starter-1.5.10.RELEASE.jar;D:\develop\apache-maven-3.3.9\repository\org\springframework\boot\spring-boot-starter-logging\1.5.10.RELEASE\spring-boot-starter-logging-1.5.10.RELEASE.jar;D:\develop\apache-maven-3.3.9\repository\ch\qos\logback\logback-classic\1.1.11\logback-classic-1.1.11.jar;D:\develop\apache-maven-3.3.9\repository\ch\qos\logback\logback-core\1.1.11\logback-core-1.1.11.jar;D:\develop\apache-maven-3.3.9\repository\org\slf4j\jcl-over-slf4j\1.7.25\jcl-over-slf4j-1.7.25.jar;D:\develop\apache-maven-3.3.9\repository\org\slf4j\jul-to-slf4j\1.7.25\jul-to-slf4j-1.7.25.jar;D:\develop\apache-maven-3.3.9\repository\org\slf4j\log4j-over-slf4j\1.7.25\log4j-over-slf4j-1.7.25.jar;D:\develop\apache-maven-3.3.9\repository\org\yaml\snakeyaml\1.17\snakeyaml-1.17.jar;D:\develop\apache-maven-3.3.9\repository\org\springframework\boot\spring-boot-starter-tomcat\1.5.10.RELEASE\spring-boot-starter-tomcat-1.5.10.RELEASE.jar;D:\develop\apache-maven-3.3.9\repository\org\apache\tomcat\embed\tomcat-embed-core\8.5.27\tomcat-embed-core-8.5.27.jar;D:\develop\apache-maven-3.3.9\repository\org\apache\tomcat\tomcat-annotations-api\8.5.27\tomcat-annotations-api-8.5.27.jar;D:\develop\apache-maven-3.3.9\repository\org\apache\tomcat\embed\tomcat-embed-el\8.5.27\tomcat-embed-el-8.5.27.jar;D:\develop\apache-maven-3.3.9\repository\org\apache\tomcat\embed\tomcat-embed-websocket\8.5.27\tomcat-embed-websocket-8.5.27.jar;D:\develop\apache-maven-3.3.9\repository\org\hibernate\hibernate-validator\5.3.6.Final\hibernate-validator-5.3.6.Final.jar;D:\develop\apache-maven-3.3.9\repository\javax\validation\validation-api\1.1.0.Final\validation-api-1.1.0.Final.jar;D:\develop\apache-maven-3.3.9\repository\org\jboss\logging\jboss-logging\3.3.1.Final\jboss-logging-3.3.1.Final.jar;D:\develop\apache-maven-3.3.9\repository\com\fasterxml\classmate\1.3.4\classmate-1.3.4.jar;D:\develop\apache-maven-3.3.9\repository\com\fasterxml\jackson\core\jackson-databind\2.8.10\jackson-databind-2.8.10.jar;D:\develop\apache-maven-3.3.9\repository\com\fasterxml\jackson\core\jackson-annotations\2.8.0\jackson-annotations-2.8.0.jar;D:\develop\apache-maven-3.3.9\repository\com\fasterxml\jackson\core\jackson-core\2.8.10\jackson-core-2.8.10.jar;D:\develop\apache-maven-3.3.9\repository\org\springframework\spring-web\4.3.14.RELEASE\spring-web-4.3.14.RELEASE.jar;D:\develop\apache-maven-3.3.9\repository\org\springframework\spring-aop\4.3.14.RELEASE\spring-aop-4.3.14.RELEASE.jar;D:\develop\apache-maven-3.3.9\repository\org\springframework\spring-beans\4.3.14.RELEASE\spring-beans-4.3.14.RELEASE.jar;D:\develop\apache-maven-3.3.9\repository\org\springframework\spring-context\4.3.14.RELEASE\spring-context-4.3.14.RELEASE.jar;D:\develop\apache-maven-3.3.9\repository\org\springframework\spring-webmvc\4.3.14.RELEASE\spring-webmvc-4.3.14.RELEASE.jar;D:\develop\apache-maven-3.3.9\repository\org\springframework\spring-expression\4.3.14.RELEASE\spring-expression-4.3.14.RELEASE.jar;D:\develop\apache-maven-3.3.9\repository\org\springframework\boot\spring-boot-starter-test\1.5.10.RELEASE\spring-boot-starter-test-1.5.10.RELEASE.jar;D:\develop\apache-maven-3.3.9\repository\org\springframework\boot\spring-boot-test\1.5.10.RELEASE\spring-boot-test-1.5.10.RELEASE.jar;D:\develop\apache-maven-3.3.9\repository\org\springframework\boot\spring-boot-test-autoconfigure\1.5.10.RELEASE\spring-boot-test-autoconfigure-1.5.10.RELEASE.jar;D:\develop\apache-maven-3.3.9\repository\com\jayway\jsonpath\json-path\2.2.0\json-path-2.2.0.jar;D:\develop\apache-maven-3.3.9\repository\net\minidev\json-smart\2.2.1\json-smart-2.2.1.jar;D:\develop\apache-maven-3.3.9\repository\net\minidev\accessors-smart\1.1\accessors-smart-1.1.jar;D:\develop\apache-maven-3.3.9\repository\org\ow2\asm\asm\5.0.3\asm-5.0.3.jar;D:\develop\apache-maven-3.3.9\repository\org\slf4j\slf4j-api\1.7.25\slf4j-api-1.7.25.jar;D:\develop\apache-maven-3.3.9\repository\junit\junit\4.12\junit-4.12.jar;D:\develop\apache-maven-3.3.9\repository\org\assertj\assertj-core\2.6.0\assertj-core-2.6.0.jar;D:\develop\apache-maven-3.3.9\repository\org\mockito\mockito-core\1.10.19\mockito-core-1.10.19.jar;D:\develop\apache-maven-3.3.9\repository\org\objenesis\objenesis\2.1\objenesis-2.1.jar;D:\develop\apache-maven-3.3.9\repository\org\hamcrest\hamcrest-core\1.3\hamcrest-core-1.3.jar;D:\develop\apache-maven-3.3.9\repository\org\hamcrest\hamcrest-library\1.3\hamcrest-library-1.3.jar;D:\develop\apache-maven-3.3.9\repository\org\skyscreamer\jsonassert\1.4.0\jsonassert-1.4.0.jar;D:\develop\apache-maven-3.3.9\repository\com\vaadin\external\google\android-json\0.0.20131108.vaadin1\android-json-0.0.20131108.vaadin1.jar;D:\develop\apache-maven-3.3.9\repository\org\springframework\spring-core\4.3.14.RELEASE\spring-core-4.3.14.RELEASE.jar;D:\develop\apache-maven-3.3.9\repository\org\springframework\spring-test\4.3.14.RELEASE\spring-test-4.3.14.RELEASE.jar;D:\develop\apache-maven-3.3.9\repository\mysql\mysql-connector-java\5.1.45\mysql-connector-java-5.1.45.jar;D:\develop\apache-maven-3.3.9\repository\com\alibaba\druid\1.0.9\druid-1.0.9.jar;D:\develop\Java\jdk1.8.0_191\jre\..\lib\jconsole.jar;D:\develop\Java\jdk1.8.0_191\jre\..\lib\tools.jar;D:\develop\apache-maven-3.3.9\repository\org\projectlombok\lombok\1.16.20\lombok-1.16.20.jar;D:\develop\apache-maven-3.3.9\repository\org\springframework\boot\spring-boot-devtools\1.5.10.RELEASE\spring-boot-devtools-1.5.10.RELEASE.jar;D:\develop\apache-maven-3.3.9\repository\org\springframework\boot\spring-boot\1.5.10.RELEASE\spring-boot-1.5.10.RELEASE.jar;D:\develop\apache-maven-3.3.9\repository\org\springframework\boot\spring-boot-autoconfigure\1.5.10.RELEASE\spring-boot-autoconfigure-1.5.10.RELEASE.jar;D:\develop\apache-maven-3.3.9\repository\org\mybatis\spring\boot\mybatis-spring-boot-starter\1.2.1\mybatis-spring-boot-starter-1.2.1.jar;D:\develop\apache-maven-3.3.9\repository\org\springframework\boot\spring-boot-starter-jdbc\1.5.10.RELEASE\spring-boot-starter-jdbc-1.5.10.RELEASE.jar;D:\develop\apache-maven-3.3.9\repository\org\apache\tomcat\tomcat-jdbc\8.5.27\tomcat-jdbc-8.5.27.jar;D:\develop\apache-maven-3.3.9\repository\org\apache\tomcat\tomcat-juli\8.5.27\tomcat-juli-8.5.27.jar;D:\develop\apache-maven-3.3.9\repository\org\springframework\spring-jdbc\4.3.14.RELEASE\spring-jdbc-4.3.14.RELEASE.jar;D:\develop\apache-maven-3.3.9\repository\org\springframework\spring-tx\4.3.14.RELEASE\spring-tx-4.3.14.RELEASE.jar;D:\develop\apache-maven-3.3.9\repository\org\mybatis\spring\boot\mybatis-spring-boot-autoconfigure\1.2.1\mybatis-spring-boot-autoconfigure-1.2.1.jar;D:\develop\apache-maven-3.3.9\repository\org\mybatis\mybatis\3.4.4\mybatis-3.4.4.jar;D:\develop\apache-maven-3.3.9\repository\org\mybatis\mybatis-spring\1.3.1\mybatis-spring-1.3.1.jar;, user.name=YWA, java.vm.specification.version=1.8, sun.java.command=D:\develop\IntelliJ IDEA 2018.1.2\workspace\sell\target\surefire\surefirebooter1952850897608110266.jar D:\develop\IntelliJ IDEA 2018.1.2\workspace\sell\target\surefire\surefire8729438108698329293tmp D:\develop\IntelliJ IDEA 2018.1.2\workspace\sell\target\surefire\surefire_08511847442241937138tmp, java.home=D:\develop\Java\jdk1.8.0_191\jre, sun.arch.data.model=32, user.language=zh, java.specification.vendor=Oracle Corporation, awt.toolkit=sun.awt.windows.WToolkit, java.vm.info=mixed mode, sharing, java.version=1.8.0_191, java.ext.dirs=D:\develop\Java\jdk1.8.0_191\jre\lib\ext;C:\Windows\Sun\Java\lib\ext, sun.boot.class.path=D:\develop\Java\jdk1.8.0_191\jre\lib\resources.jar;D:\develop\Java\jdk1.8.0_191\jre\lib\rt.jar;D:\develop\Java\jdk1.8.0_191\jre\lib\sunrsasign.jar;D:\develop\Java\jdk1.8.0_191\jre\lib\jsse.jar;D:\develop\Java\jdk1.8.0_191\jre\lib\jce.jar;D:\develop\Java\jdk1.8.0_191\jre\lib\charsets.jar;D:\develop\Java\jdk1.8.0_191\jre\lib\jfr.jar;D:\develop\Java\jdk1.8.0_191\jre\classes, java.vendor=Oracle Corporation, localRepository=D:\develop\apache-maven-3.3.9\repository, file.separator=\, java.vendor.url.bug=http://bugreport.sun.com/bugreport/, sun.io.unicode.encoding=UnicodeLittle, sun.cpu.endian=little, sun.desktop=windows, sun.cpu.isalist=pentium_pro+mmx pentium_pro pentium+mmx pentium i486 i386 i86}}, SystemEnvironmentPropertySource@17139697 {name='systemEnvironment', properties={PATH=C:\Program Files (x86)\Common Files\Oracle\Java\javapath;D:\develop\apache-maven-3.3.9\bin;D:\develop\Java\jdk1.8.0_191\bin;C:\Program Files (x86)\Intel\iCLS Client\;C:\Program Files\Intel\iCLS Client\;C:\Windows\system32;C:\Windows;C:\Windows\System32\Wbem;C:\Windows\System32\WindowsPowerShell\v1.0\;C:\Program Files\Intel\Intel(R) Management Engine Components\DAL;C:\Program Files\Intel\Intel(R) Management Engine Components\IPT;C:\Program Files (x86)\Intel\Intel(R) Management Engine Components\DAL;C:\Program Files (x86)\Intel\Intel(R) Management Engine Components\IPT;D:\develop\MYSQL\Server\bin;D:\develop\Git\cmd;D:\develop\TortoiseGit\bin, LOCALAPPDATA=C:\Users\YWA\AppData\Local, PROCESSOR_LEVEL=6, SYSTEMDRIVE=C:, COMMONPROGRAMFILES(X86)=C:\Program Files (x86)\Common Files, FP_NO_HOST_CHECK=NO, USERDOMAIN=YWA-PC, LOGONSERVER=\\YWA-PC, JAVA_HOME=D:\develop\Java\jdk1.8.0_191, PROMPT=$P$G, SESSIONNAME=Console, ALLUSERSPROFILE=C:\ProgramData, PROGRAMFILES(X86)=C:\Program Files (x86), PROCESSOR_ARCHITECTURE=x86, TNS_ADMIN=D:\develop, MAVEN_HOME=D:\develop\apache-maven-3.3.9, PROGRAMFILES=C:\Program Files (x86), WINDOWS_TRACING_FLAGS=3, APPDATA=C:\Users\YWA\AppData\Roaming, PSMODULEPATH=C:\Windows\system32\WindowsPowerShell\v1.0\Modules\, PROGRAMW6432=C:\Program Files, PROGRAMDATA=C:\ProgramData, SYSTEMROOT=C:\Windows, USERNAME=YWA, VBOX_MSI_INSTALL_PATH=C:\Program Files\Oracle\VirtualBox\, PATHEXT=.COM;.EXE;.BAT;.CMD;.VBS;.VBE;.JS;.JSE;.WSF;.WSH;.MSC, OS=Windows_NT, PROCESSOR_ARCHITEW6432=AMD64, COMMONPROGRAMW6432=C:\Program Files\Common Files, COMPUTERNAME=YWA-PC, COMMONPROGRAMFILES=C:\Program Files (x86)\Common Files, COMSPEC=C:\Windows\system32\cmd.exe, PROCESSOR_REVISION=3a09, CLASSPATH=.;D:\develop\Java\jdk1.8.0_191\lib;D:\develop\Java\jdk1.8.0_191\lib\tools.jar, NLS_LANG=AMERICAN_AMERICA.ZHS16GBK, WINDIR=C:\Windows, =D:=D:\develop\IntelliJ IDEA 2018.1.2\workspace\sell, HOMEPATH=\Users\YWA, TEMP=C:\Users\YWA\AppData\Local\Temp, HOMEDRIVE=C:, PROCESSOR_IDENTIFIER=Intel64 Family 6 Model 58 Stepping 9, GenuineIntel, USERPROFILE=C:\Users\YWA, TMP=C:\Users\YWA\AppData\Local\Temp, WINDOWS_TRACING_LOGFILE=C:\BVTBin\Tests\installpackage\csilogfile.log, PUBLIC=C:\Users\Public, NUMBER_OF_PROCESSORS=4, =::=::\}}]
23:46:38.857 [main] DEBUG org.springframework.core.io.support.PathMatchingResourcePatternResolver - Resolved classpath location [com/example/sell/service/] to resources [URL [file:/D:/develop/IntelliJ%20IDEA%202018.1.2/workspace/sell/target/test-classes/com/example/sell/service/], URL [file:/D:/develop/IntelliJ%20IDEA%202018.1.2/workspace/sell/target/classes/com/example/sell/service/]]
23:46:38.858 [main] DEBUG org.springframework.core.io.support.PathMatchingResourcePatternResolver - Looking for matching resources in directory tree [D:\develop\IntelliJ IDEA 2018.1.2\workspace\sell\target\test-classes\com\example\sell\service]
23:46:38.858 [main] DEBUG org.springframework.core.io.support.PathMatchingResourcePatternResolver - Searching directory [D:\develop\IntelliJ IDEA 2018.1.2\workspace\sell\target\test-classes\com\example\sell\service] for files matching pattern [D:/develop/IntelliJ IDEA 2018.1.2/workspace/sell/target/test-classes/com/example/sell/service/*.class]
23:46:38.861 [main] DEBUG org.springframework.core.io.support.PathMatchingResourcePatternResolver - Looking for matching resources in directory tree [D:\develop\IntelliJ IDEA 2018.1.2\workspace\sell\target\classes\com\example\sell\service]
23:46:38.861 [main] DEBUG org.springframework.core.io.support.PathMatchingResourcePatternResolver - Searching directory [D:\develop\IntelliJ IDEA 2018.1.2\workspace\sell\target\classes\com\example\sell\service] for files matching pattern [D:/develop/IntelliJ IDEA 2018.1.2/workspace/sell/target/classes/com/example/sell/service/*.class]
23:46:38.862 [main] DEBUG org.springframework.core.io.support.PathMatchingResourcePatternResolver - Resolved location pattern [classpath*:com/example/sell/service/*.class] to resources [file [D:\develop\IntelliJ IDEA 2018.1.2\workspace\sell\target\test-classes\com\example\sell\service\SellerInfoServiceTest.class], file [D:\develop\IntelliJ IDEA 2018.1.2\workspace\sell\target\classes\com\example\sell\service\SellerInfoService.class]]
23:46:38.880 [main] DEBUG org.springframework.core.io.support.PathMatchingResourcePatternResolver - Resolved classpath location [com/example/sell/] to resources [URL [file:/D:/develop/IntelliJ%20IDEA%202018.1.2/workspace/sell/target/test-classes/com/example/sell/], URL [file:/D:/develop/IntelliJ%20IDEA%202018.1.2/workspace/sell/target/classes/com/example/sell/]]
23:46:38.881 [main] DEBUG org.springframework.core.io.support.PathMatchingResourcePatternResolver - Looking for matching resources in directory tree [D:\develop\IntelliJ IDEA 2018.1.2\workspace\sell\target\test-classes\com\example\sell]
23:46:38.881 [main] DEBUG org.springframework.core.io.support.PathMatchingResourcePatternResolver - Searching directory [D:\develop\IntelliJ IDEA 2018.1.2\workspace\sell\target\test-classes\com\example\sell] for files matching pattern [D:/develop/IntelliJ IDEA 2018.1.2/workspace/sell/target/test-classes/com/example/sell/*.class]
23:46:38.881 [main] DEBUG org.springframework.core.io.support.PathMatchingResourcePatternResolver - Looking for matching resources in directory tree [D:\develop\IntelliJ IDEA 2018.1.2\workspace\sell\target\classes\com\example\sell]
23:46:38.882 [main] DEBUG org.springframework.core.io.support.PathMatchingResourcePatternResolver - Searching directory [D:\develop\IntelliJ IDEA 2018.1.2\workspace\sell\target\classes\com\example\sell] for files matching pattern [D:/develop/IntelliJ IDEA 2018.1.2/workspace/sell/target/classes/com/example/sell/*.class]
23:46:38.883 [main] DEBUG org.springframework.core.io.support.PathMatchingResourcePatternResolver - Resolved location pattern [classpath*:com/example/sell/*.class] to resources [file [D:\develop\IntelliJ IDEA 2018.1.2\workspace\sell\target\test-classes\com\example\sell\webTest.class], file [D:\develop\IntelliJ IDEA 2018.1.2\workspace\sell\target\classes\com\example\sell\App.class]]
23:46:38.916 [main] DEBUG org.springframework.context.annotation.ClassPathScanningCandidateComponentProvider - Identified candidate component class: file [D:\develop\IntelliJ IDEA 2018.1.2\workspace\sell\target\classes\com\example\sell\App.class]
23:46:38.917 [main] INFO org.springframework.boot.test.context.SpringBootTestContextBootstrapper - Found @SpringBootConfiguration com.example.sell.App for test class com.example.sell.service.SellerInfoServiceTest
23:46:38.922 [main] DEBUG org.springframework.boot.test.context.SpringBootTestContextBootstrapper - @TestExecutionListeners is not present for class [com.example.sell.service.SellerInfoServiceTest]: using defaults.
23:46:38.925 [main] INFO org.springframework.boot.test.context.SpringBootTestContextBootstrapper - Loaded default TestExecutionListener class names from location [META-INF/spring.factories]: [org.springframework.boot.test.mock.mockito.MockitoTestExecutionListener, org.springframework.boot.test.mock.mockito.ResetMocksTestExecutionListener, org.springframework.boot.test.autoconfigure.restdocs.RestDocsTestExecutionListener, org.springframework.boot.test.autoconfigure.web.client.MockRestServiceServerResetTestExecutionListener, org.springframework.boot.test.autoconfigure.web.servlet.MockMvcPrintOnlyOnFailureTestExecutionListener, org.springframework.boot.test.autoconfigure.web.servlet.WebDriverTestExecutionListener, org.springframework.test.context.web.ServletTestExecutionListener, org.springframework.test.context.support.DirtiesContextBeforeModesTestExecutionListener, org.springframework.test.context.support.DependencyInjectionTestExecutionListener, org.springframework.test.context.support.DirtiesContextTestExecutionListener, org.springframework.test.context.transaction.TransactionalTestExecutionListener, org.springframework.test.context.jdbc.SqlScriptsTestExecutionListener]
23:46:38.946 [main] INFO org.springframework.boot.test.context.SpringBootTestContextBootstrapper - Using TestExecutionListeners: [org.springframework.test.context.web.ServletTestExecutionListener@a90037, org.springframework.test.context.support.DirtiesContextBeforeModesTestExecutionListener@294adb, org.springframework.boot.test.autoconfigure.SpringBootDependencyInjectionTestExecutionListener@a9f84e, org.springframework.test.context.support.DirtiesContextTestExecutionListener@130f889, org.springframework.test.context.transaction.TransactionalTestExecutionListener@188e820, org.springframework.test.context.jdbc.SqlScriptsTestExecutionListener@1490758, org.springframework.boot.test.mock.mockito.MockitoTestExecutionListener@1df177, org.springframework.boot.test.mock.mockito.ResetMocksTestExecutionListener@6fa74d, org.springframework.boot.test.autoconfigure.restdocs.RestDocsTestExecutionListener@f08448, org.springframework.boot.test.autoconfigure.web.client.MockRestServiceServerResetTestExecutionListener@16438c9, org.springframework.boot.test.autoconfigure.web.servlet.MockMvcPrintOnlyOnFailureTestExecutionListener@8df31b, org.springframework.boot.test.autoconfigure.web.servlet.WebDriverTestExecutionListener@1b37288]
23:46:38.947 [main] DEBUG org.springframework.test.context.junit4.SpringJUnit4ClassRunner - SpringJUnit4ClassRunner constructor called with [class com.example.sell.webTest]
23:46:38.947 [main] DEBUG org.springframework.test.context.BootstrapUtils - Instantiating CacheAwareContextLoaderDelegate from class [org.springframework.test.context.cache.DefaultCacheAwareContextLoaderDelegate]
23:46:38.947 [main] DEBUG org.springframework.test.context.BootstrapUtils - Instantiating BootstrapContext using constructor [public org.springframework.test.context.support.DefaultBootstrapContext(java.lang.Class,org.springframework.test.context.CacheAwareContextLoaderDelegate)]
23:46:38.948 [main] DEBUG org.springframework.test.context.BootstrapUtils - Instantiating TestContextBootstrapper for test class [com.example.sell.webTest] from class [org.springframework.boot.test.context.SpringBootTestContextBootstrapper]
23:46:38.949 [main] INFO org.springframework.boot.test.context.SpringBootTestContextBootstrapper - Neither @ContextConfiguration nor @ContextHierarchy found for test class [com.example.sell.webTest], using SpringBootContextLoader
23:46:38.949 [main] DEBUG org.springframework.test.context.support.AbstractContextLoader - Did not detect default resource location for test class [com.example.sell.webTest]: class path resource [com/example/sell/webTest-context.xml] does not exist
23:46:38.950 [main] DEBUG org.springframework.test.context.support.AbstractContextLoader - Did not detect default resource location for test class [com.example.sell.webTest]: class path resource [com/example/sell/webTestContext.groovy] does not exist
23:46:38.950 [main] INFO org.springframework.test.context.support.AbstractContextLoader - Could not detect default resource locations for test class [com.example.sell.webTest]: no resource found for suffixes {-context.xml, Context.groovy}.
23:46:38.950 [main] INFO org.springframework.test.context.support.AnnotationConfigContextLoaderUtils - Could not detect default configuration classes for test class [com.example.sell.webTest]: webTest does not declare any static, non-private, non-final, nested classes annotated with @Configuration.
23:46:38.959 [main] DEBUG org.springframework.test.context.support.ActiveProfilesUtils - Could not find an 'annotation declaring class' for annotation type [org.springframework.test.context.ActiveProfiles] and class [com.example.sell.webTest]
23:46:38.959 [main] DEBUG org.springframework.core.env.StandardEnvironment - Adding PropertySource 'systemProperties' with lowest search precedence
23:46:38.959 [main] DEBUG org.springframework.core.env.StandardEnvironment - Adding PropertySource 'systemEnvironment' with lowest search precedence
23:46:38.960 [main] DEBUG org.springframework.core.env.StandardEnvironment - Initialized StandardEnvironment with PropertySources [MapPropertySource@29492505 {name='systemProperties', properties={idea.version=2018.1.2, java.runtime.name=Java(TM) SE Runtime Environment, sun.boot.library.path=D:\develop\Java\jdk1.8.0_191\jre\bin, java.vm.version=25.191-b12, java.vm.vendor=Oracle Corporation, java.vendor.url=http://java.oracle.com/, path.separator=;, java.vm.name=Java HotSpot(TM) Client VM, file.encoding.pkg=sun.io, user.country=CN, user.script=, sun.java.launcher=SUN_STANDARD, sun.os.patch.level=Service Pack 1, java.vm.specification.name=Java Virtual Machine Specification, user.dir=D:\develop\IntelliJ IDEA 2018.1.2\workspace\sell, java.runtime.version=1.8.0_191-b12, basedir=D:\develop\IntelliJ IDEA 2018.1.2\workspace\sell, java.awt.graphicsenv=sun.awt.Win32GraphicsEnvironment, java.endorsed.dirs=D:\develop\Java\jdk1.8.0_191\jre\lib\endorsed, os.arch=x86, surefire.real.class.path=D:\develop\IntelliJ IDEA 2018.1.2\workspace\sell\target\surefire\surefirebooter1952850897608110266.jar, java.io.tmpdir=C:\Users\YWA\AppData\Local\Temp\, line.separator=
, java.vm.specification.vendor=Oracle Corporation, user.variant=, os.name=Windows 7, sun.jnu.encoding=GBK, java.library.path=D:\develop\Java\jdk1.8.0_191\jre\bin;C:\Windows\Sun\Java\bin;C:\Windows\system32;C:\Windows;C:\Program Files (x86)\Common Files\Oracle\Java\javapath;D:\develop\apache-maven-3.3.9\bin;D:\develop\Java\jdk1.8.0_191\bin;C:\Program Files (x86)\Intel\iCLS Client\;C:\Program Files\Intel\iCLS Client\;C:\Windows\system32;C:\Windows;C:\Windows\System32\Wbem;C:\Windows\System32\WindowsPowerShell\v1.0\;C:\Program Files\Intel\Intel(R) Management Engine Components\DAL;C:\Program Files\Intel\Intel(R) Management Engine Components\IPT;C:\Program Files (x86)\Intel\Intel(R) Management Engine Components\DAL;C:\Program Files (x86)\Intel\Intel(R) Management Engine Components\IPT;D:\develop\MYSQL\Server\bin;D:\develop\Git\cmd;D:\develop\TortoiseGit\bin;., surefire.test.class.path=D:\develop\IntelliJ IDEA 2018.1.2\workspace\sell\target\test-classes;D:\develop\IntelliJ IDEA 2018.1.2\workspace\sell\target\classes;D:\develop\apache-maven-3.3.9\repository\org\springframework\boot\spring-boot-starter-web\1.5.10.RELEASE\spring-boot-starter-web-1.5.10.RELEASE.jar;D:\develop\apache-maven-3.3.9\repository\org\springframework\boot\spring-boot-starter\1.5.10.RELEASE\spring-boot-starter-1.5.10.RELEASE.jar;D:\develop\apache-maven-3.3.9\repository\org\springframework\boot\spring-boot-starter-logging\1.5.10.RELEASE\spring-boot-starter-logging-1.5.10.RELEASE.jar;D:\develop\apache-maven-3.3.9\repository\ch\qos\logback\logback-classic\1.1.11\logback-classic-1.1.11.jar;D:\develop\apache-maven-3.3.9\repository\ch\qos\logback\logback-core\1.1.11\logback-core-1.1.11.jar;D:\develop\apache-maven-3.3.9\repository\org\slf4j\jcl-over-slf4j\1.7.25\jcl-over-slf4j-1.7.25.jar;D:\develop\apache-maven-3.3.9\repository\org\slf4j\jul-to-slf4j\1.7.25\jul-to-slf4j-1.7.25.jar;D:\develop\apache-maven-3.3.9\repository\org\slf4j\log4j-over-slf4j\1.7.25\log4j-over-slf4j-1.7.25.jar;D:\develop\apache-maven-3.3.9\repository\org\yaml\snakeyaml\1.17\snakeyaml-1.17.jar;D:\develop\apache-maven-3.3.9\repository\org\springframework\boot\spring-boot-starter-tomcat\1.5.10.RELEASE\spring-boot-starter-tomcat-1.5.10.RELEASE.jar;D:\develop\apache-maven-3.3.9\repository\org\apache\tomcat\embed\tomcat-embed-core\8.5.27\tomcat-embed-core-8.5.27.jar;D:\develop\apache-maven-3.3.9\repository\org\apache\tomcat\tomcat-annotations-api\8.5.27\tomcat-annotations-api-8.5.27.jar;D:\develop\apache-maven-3.3.9\repository\org\apache\tomcat\embed\tomcat-embed-el\8.5.27\tomcat-embed-el-8.5.27.jar;D:\develop\apache-maven-3.3.9\repository\org\apache\tomcat\embed\tomcat-embed-websocket\8.5.27\tomcat-embed-websocket-8.5.27.jar;D:\develop\apache-maven-3.3.9\repository\org\hibernate\hibernate-validator\5.3.6.Final\hibernate-validator-5.3.6.Final.jar;D:\develop\apache-maven-3.3.9\repository\javax\validation\validation-api\1.1.0.Final\validation-api-1.1.0.Final.jar;D:\develop\apache-maven-3.3.9\repository\org\jboss\logging\jboss-logging\3.3.1.Final\jboss-logging-3.3.1.Final.jar;D:\develop\apache-maven-3.3.9\repository\com\fasterxml\classmate\1.3.4\classmate-1.3.4.jar;D:\develop\apache-maven-3.3.9\repository\com\fasterxml\jackson\core\jackson-databind\2.8.10\jackson-databind-2.8.10.jar;D:\develop\apache-maven-3.3.9\repository\com\fasterxml\jackson\core\jackson-annotations\2.8.0\jackson-annotations-2.8.0.jar;D:\develop\apache-maven-3.3.9\repository\com\fasterxml\jackson\core\jackson-core\2.8.10\jackson-core-2.8.10.jar;D:\develop\apache-maven-3.3.9\repository\org\springframework\spring-web\4.3.14.RELEASE\spring-web-4.3.14.RELEASE.jar;D:\develop\apache-maven-3.3.9\repository\org\springframework\spring-aop\4.3.14.RELEASE\spring-aop-4.3.14.RELEASE.jar;D:\develop\apache-maven-3.3.9\repository\org\springframework\spring-beans\4.3.14.RELEASE\spring-beans-4.3.14.RELEASE.jar;D:\develop\apache-maven-3.3.9\repository\org\springframework\spring-context\4.3.14.RELEASE\spring-context-4.3.14.RELEASE.jar;D:\develop\apache-maven-3.3.9\repository\org\springframework\spring-webmvc\4.3.14.RELEASE\spring-webmvc-4.3.14.RELEASE.jar;D:\develop\apache-maven-3.3.9\repository\org\springframework\spring-expression\4.3.14.RELEASE\spring-expression-4.3.14.RELEASE.jar;D:\develop\apache-maven-3.3.9\repository\org\springframework\boot\spring-boot-starter-test\1.5.10.RELEASE\spring-boot-starter-test-1.5.10.RELEASE.jar;D:\develop\apache-maven-3.3.9\repository\org\springframework\boot\spring-boot-test\1.5.10.RELEASE\spring-boot-test-1.5.10.RELEASE.jar;D:\develop\apache-maven-3.3.9\repository\org\springframework\boot\spring-boot-test-autoconfigure\1.5.10.RELEASE\spring-boot-test-autoconfigure-1.5.10.RELEASE.jar;D:\develop\apache-maven-3.3.9\repository\com\jayway\jsonpath\json-path\2.2.0\json-path-2.2.0.jar;D:\develop\apache-maven-3.3.9\repository\net\minidev\json-smart\2.2.1\json-smart-2.2.1.jar;D:\develop\apache-maven-3.3.9\repository\net\minidev\accessors-smart\1.1\accessors-smart-1.1.jar;D:\develop\apache-maven-3.3.9\repository\org\ow2\asm\asm\5.0.3\asm-5.0.3.jar;D:\develop\apache-maven-3.3.9\repository\org\slf4j\slf4j-api\1.7.25\slf4j-api-1.7.25.jar;D:\develop\apache-maven-3.3.9\repository\junit\junit\4.12\junit-4.12.jar;D:\develop\apache-maven-3.3.9\repository\org\assertj\assertj-core\2.6.0\assertj-core-2.6.0.jar;D:\develop\apache-maven-3.3.9\repository\org\mockito\mockito-core\1.10.19\mockito-core-1.10.19.jar;D:\develop\apache-maven-3.3.9\repository\org\objenesis\objenesis\2.1\objenesis-2.1.jar;D:\develop\apache-maven-3.3.9\repository\org\hamcrest\hamcrest-core\1.3\hamcrest-core-1.3.jar;D:\develop\apache-maven-3.3.9\repository\org\hamcrest\hamcrest-library\1.3\hamcrest-library-1.3.jar;D:\develop\apache-maven-3.3.9\repository\org\skyscreamer\jsonassert\1.4.0\jsonassert-1.4.0.jar;D:\develop\apache-maven-3.3.9\repository\com\vaadin\external\google\android-json\0.0.20131108.vaadin1\android-json-0.0.20131108.vaadin1.jar;D:\develop\apache-maven-3.3.9\repository\org\springframework\spring-core\4.3.14.RELEASE\spring-core-4.3.14.RELEASE.jar;D:\develop\apache-maven-3.3.9\repository\org\springframework\spring-test\4.3.14.RELEASE\spring-test-4.3.14.RELEASE.jar;D:\develop\apache-maven-3.3.9\repository\mysql\mysql-connector-java\5.1.45\mysql-connector-java-5.1.45.jar;D:\develop\apache-maven-3.3.9\repository\com\alibaba\druid\1.0.9\druid-1.0.9.jar;D:\develop\Java\jdk1.8.0_191\jre\..\lib\jconsole.jar;D:\develop\Java\jdk1.8.0_191\jre\..\lib\tools.jar;D:\develop\apache-maven-3.3.9\repository\org\projectlombok\lombok\1.16.20\lombok-1.16.20.jar;D:\develop\apache-maven-3.3.9\repository\org\springframework\boot\spring-boot-devtools\1.5.10.RELEASE\spring-boot-devtools-1.5.10.RELEASE.jar;D:\develop\apache-maven-3.3.9\repository\org\springframework\boot\spring-boot\1.5.10.RELEASE\spring-boot-1.5.10.RELEASE.jar;D:\develop\apache-maven-3.3.9\repository\org\springframework\boot\spring-boot-autoconfigure\1.5.10.RELEASE\spring-boot-autoconfigure-1.5.10.RELEASE.jar;D:\develop\apache-maven-3.3.9\repository\org\mybatis\spring\boot\mybatis-spring-boot-starter\1.2.1\mybatis-spring-boot-starter-1.2.1.jar;D:\develop\apache-maven-3.3.9\repository\org\springframework\boot\spring-boot-starter-jdbc\1.5.10.RELEASE\spring-boot-starter-jdbc-1.5.10.RELEASE.jar;D:\develop\apache-maven-3.3.9\repository\org\apache\tomcat\tomcat-jdbc\8.5.27\tomcat-jdbc-8.5.27.jar;D:\develop\apache-maven-3.3.9\repository\org\apache\tomcat\tomcat-juli\8.5.27\tomcat-juli-8.5.27.jar;D:\develop\apache-maven-3.3.9\repository\org\springframework\spring-jdbc\4.3.14.RELEASE\spring-jdbc-4.3.14.RELEASE.jar;D:\develop\apache-maven-3.3.9\repository\org\springframework\spring-tx\4.3.14.RELEASE\spring-tx-4.3.14.RELEASE.jar;D:\develop\apache-maven-3.3.9\repository\org\mybatis\spring\boot\mybatis-spring-boot-autoconfigure\1.2.1\mybatis-spring-boot-autoconfigure-1.2.1.jar;D:\develop\apache-maven-3.3.9\repository\org\mybatis\mybatis\3.4.4\mybatis-3.4.4.jar;D:\develop\apache-maven-3.3.9\repository\org\mybatis\mybatis-spring\1.3.1\mybatis-spring-1.3.1.jar;, java.specification.name=Java Platform API Specification, java.class.version=52.0, sun.management.compiler=HotSpot Client Compiler, maven.repo.local=D:\develop\apache-maven-3.3.9\repository, os.version=6.1, user.home=C:\Users\YWA, user.timezone=Asia/Shanghai, java.awt.printerjob=sun.awt.windows.WPrinterJob, file.encoding=GBK, java.specification.version=1.8, java.class.path=D:\develop\IntelliJ IDEA 2018.1.2\workspace\sell\target\test-classes;D:\develop\IntelliJ IDEA 2018.1.2\workspace\sell\target\classes;D:\develop\apache-maven-3.3.9\repository\org\springframework\boot\spring-boot-starter-web\1.5.10.RELEASE\spring-boot-starter-web-1.5.10.RELEASE.jar;D:\develop\apache-maven-3.3.9\repository\org\springframework\boot\spring-boot-starter\1.5.10.RELEASE\spring-boot-starter-1.5.10.RELEASE.jar;D:\develop\apache-maven-3.3.9\repository\org\springframework\boot\spring-boot-starter-logging\1.5.10.RELEASE\spring-boot-starter-logging-1.5.10.RELEASE.jar;D:\develop\apache-maven-3.3.9\repository\ch\qos\logback\logback-classic\1.1.11\logback-classic-1.1.11.jar;D:\develop\apache-maven-3.3.9\repository\ch\qos\logback\logback-core\1.1.11\logback-core-1.1.11.jar;D:\develop\apache-maven-3.3.9\repository\org\slf4j\jcl-over-slf4j\1.7.25\jcl-over-slf4j-1.7.25.jar;D:\develop\apache-maven-3.3.9\repository\org\slf4j\jul-to-slf4j\1.7.25\jul-to-slf4j-1.7.25.jar;D:\develop\apache-maven-3.3.9\repository\org\slf4j\log4j-over-slf4j\1.7.25\log4j-over-slf4j-1.7.25.jar;D:\develop\apache-maven-3.3.9\repository\org\yaml\snakeyaml\1.17\snakeyaml-1.17.jar;D:\develop\apache-maven-3.3.9\repository\org\springframework\boot\spring-boot-starter-tomcat\1.5.10.RELEASE\spring-boot-starter-tomcat-1.5.10.RELEASE.jar;D:\develop\apache-maven-3.3.9\repository\org\apache\tomcat\embed\tomcat-embed-core\8.5.27\tomcat-embed-core-8.5.27.jar;D:\develop\apache-maven-3.3.9\repository\org\apache\tomcat\tomcat-annotations-api\8.5.27\tomcat-annotations-api-8.5.27.jar;D:\develop\apache-maven-3.3.9\repository\org\apache\tomcat\embed\tomcat-embed-el\8.5.27\tomcat-embed-el-8.5.27.jar;D:\develop\apache-maven-3.3.9\repository\org\apache\tomcat\embed\tomcat-embed-websocket\8.5.27\tomcat-embed-websocket-8.5.27.jar;D:\develop\apache-maven-3.3.9\repository\org\hibernate\hibernate-validator\5.3.6.Final\hibernate-validator-5.3.6.Final.jar;D:\develop\apache-maven-3.3.9\repository\javax\validation\validation-api\1.1.0.Final\validation-api-1.1.0.Final.jar;D:\develop\apache-maven-3.3.9\repository\org\jboss\logging\jboss-logging\3.3.1.Final\jboss-logging-3.3.1.Final.jar;D:\develop\apache-maven-3.3.9\repository\com\fasterxml\classmate\1.3.4\classmate-1.3.4.jar;D:\develop\apache-maven-3.3.9\repository\com\fasterxml\jackson\core\jackson-databind\2.8.10\jackson-databind-2.8.10.jar;D:\develop\apache-maven-3.3.9\repository\com\fasterxml\jackson\core\jackson-annotations\2.8.0\jackson-annotations-2.8.0.jar;D:\develop\apache-maven-3.3.9\repository\com\fasterxml\jackson\core\jackson-core\2.8.10\jackson-core-2.8.10.jar;D:\develop\apache-maven-3.3.9\repository\org\springframework\spring-web\4.3.14.RELEASE\spring-web-4.3.14.RELEASE.jar;D:\develop\apache-maven-3.3.9\repository\org\springframework\spring-aop\4.3.14.RELEASE\spring-aop-4.3.14.RELEASE.jar;D:\develop\apache-maven-3.3.9\repository\org\springframework\spring-beans\4.3.14.RELEASE\spring-beans-4.3.14.RELEASE.jar;D:\develop\apache-maven-3.3.9\repository\org\springframework\spring-context\4.3.14.RELEASE\spring-context-4.3.14.RELEASE.jar;D:\develop\apache-maven-3.3.9\repository\org\springframework\spring-webmvc\4.3.14.RELEASE\spring-webmvc-4.3.14.RELEASE.jar;D:\develop\apache-maven-3.3.9\repository\org\springframework\spring-expression\4.3.14.RELEASE\spring-expression-4.3.14.RELEASE.jar;D:\develop\apache-maven-3.3.9\repository\org\springframework\boot\spring-boot-starter-test\1.5.10.RELEASE\spring-boot-starter-test-1.5.10.RELEASE.jar;D:\develop\apache-maven-3.3.9\repository\org\springframework\boot\spring-boot-test\1.5.10.RELEASE\spring-boot-test-1.5.10.RELEASE.jar;D:\develop\apache-maven-3.3.9\repository\org\springframework\boot\spring-boot-test-autoconfigure\1.5.10.RELEASE\spring-boot-test-autoconfigure-1.5.10.RELEASE.jar;D:\develop\apache-maven-3.3.9\repository\com\jayway\jsonpath\json-path\2.2.0\json-path-2.2.0.jar;D:\develop\apache-maven-3.3.9\repository\net\minidev\json-smart\2.2.1\json-smart-2.2.1.jar;D:\develop\apache-maven-3.3.9\repository\net\minidev\accessors-smart\1.1\accessors-smart-1.1.jar;D:\develop\apache-maven-3.3.9\repository\org\ow2\asm\asm\5.0.3\asm-5.0.3.jar;D:\develop\apache-maven-3.3.9\repository\org\slf4j\slf4j-api\1.7.25\slf4j-api-1.7.25.jar;D:\develop\apache-maven-3.3.9\repository\junit\junit\4.12\junit-4.12.jar;D:\develop\apache-maven-3.3.9\repository\org\assertj\assertj-core\2.6.0\assertj-core-2.6.0.jar;D:\develop\apache-maven-3.3.9\repository\org\mockito\mockito-core\1.10.19\mockito-core-1.10.19.jar;D:\develop\apache-maven-3.3.9\repository\org\objenesis\objenesis\2.1\objenesis-2.1.jar;D:\develop\apache-maven-3.3.9\repository\org\hamcrest\hamcrest-core\1.3\hamcrest-core-1.3.jar;D:\develop\apache-maven-3.3.9\repository\org\hamcrest\hamcrest-library\1.3\hamcrest-library-1.3.jar;D:\develop\apache-maven-3.3.9\repository\org\skyscreamer\jsonassert\1.4.0\jsonassert-1.4.0.jar;D:\develop\apache-maven-3.3.9\repository\com\vaadin\external\google\android-json\0.0.20131108.vaadin1\android-json-0.0.20131108.vaadin1.jar;D:\develop\apache-maven-3.3.9\repository\org\springframework\spring-core\4.3.14.RELEASE\spring-core-4.3.14.RELEASE.jar;D:\develop\apache-maven-3.3.9\repository\org\springframework\spring-test\4.3.14.RELEASE\spring-test-4.3.14.RELEASE.jar;D:\develop\apache-maven-3.3.9\repository\mysql\mysql-connector-java\5.1.45\mysql-connector-java-5.1.45.jar;D:\develop\apache-maven-3.3.9\repository\com\alibaba\druid\1.0.9\druid-1.0.9.jar;D:\develop\Java\jdk1.8.0_191\jre\..\lib\jconsole.jar;D:\develop\Java\jdk1.8.0_191\jre\..\lib\tools.jar;D:\develop\apache-maven-3.3.9\repository\org\projectlombok\lombok\1.16.20\lombok-1.16.20.jar;D:\develop\apache-maven-3.3.9\repository\org\springframework\boot\spring-boot-devtools\1.5.10.RELEASE\spring-boot-devtools-1.5.10.RELEASE.jar;D:\develop\apache-maven-3.3.9\repository\org\springframework\boot\spring-boot\1.5.10.RELEASE\spring-boot-1.5.10.RELEASE.jar;D:\develop\apache-maven-3.3.9\repository\org\springframework\boot\spring-boot-autoconfigure\1.5.10.RELEASE\spring-boot-autoconfigure-1.5.10.RELEASE.jar;D:\develop\apache-maven-3.3.9\repository\org\mybatis\spring\boot\mybatis-spring-boot-starter\1.2.1\mybatis-spring-boot-starter-1.2.1.jar;D:\develop\apache-maven-3.3.9\repository\org\springframework\boot\spring-boot-starter-jdbc\1.5.10.RELEASE\spring-boot-starter-jdbc-1.5.10.RELEASE.jar;D:\develop\apache-maven-3.3.9\repository\org\apache\tomcat\tomcat-jdbc\8.5.27\tomcat-jdbc-8.5.27.jar;D:\develop\apache-maven-3.3.9\repository\org\apache\tomcat\tomcat-juli\8.5.27\tomcat-juli-8.5.27.jar;D:\develop\apache-maven-3.3.9\repository\org\springframework\spring-jdbc\4.3.14.RELEASE\spring-jdbc-4.3.14.RELEASE.jar;D:\develop\apache-maven-3.3.9\repository\org\springframework\spring-tx\4.3.14.RELEASE\spring-tx-4.3.14.RELEASE.jar;D:\develop\apache-maven-3.3.9\repository\org\mybatis\spring\boot\mybatis-spring-boot-autoconfigure\1.2.1\mybatis-spring-boot-autoconfigure-1.2.1.jar;D:\develop\apache-maven-3.3.9\repository\org\mybatis\mybatis\3.4.4\mybatis-3.4.4.jar;D:\develop\apache-maven-3.3.9\repository\org\mybatis\mybatis-spring\1.3.1\mybatis-spring-1.3.1.jar;, user.name=YWA, java.vm.specification.version=1.8, sun.java.command=D:\develop\IntelliJ IDEA 2018.1.2\workspace\sell\target\surefire\surefirebooter1952850897608110266.jar D:\develop\IntelliJ IDEA 2018.1.2\workspace\sell\target\surefire\surefire8729438108698329293tmp D:\develop\IntelliJ IDEA 2018.1.2\workspace\sell\target\surefire\surefire_08511847442241937138tmp, java.home=D:\develop\Java\jdk1.8.0_191\jre, sun.arch.data.model=32, user.language=zh, java.specification.vendor=Oracle Corporation, awt.toolkit=sun.awt.windows.WToolkit, java.vm.info=mixed mode, sharing, java.version=1.8.0_191, java.ext.dirs=D:\develop\Java\jdk1.8.0_191\jre\lib\ext;C:\Windows\Sun\Java\lib\ext, sun.boot.class.path=D:\develop\Java\jdk1.8.0_191\jre\lib\resources.jar;D:\develop\Java\jdk1.8.0_191\jre\lib\rt.jar;D:\develop\Java\jdk1.8.0_191\jre\lib\sunrsasign.jar;D:\develop\Java\jdk1.8.0_191\jre\lib\jsse.jar;D:\develop\Java\jdk1.8.0_191\jre\lib\jce.jar;D:\develop\Java\jdk1.8.0_191\jre\lib\charsets.jar;D:\develop\Java\jdk1.8.0_191\jre\lib\jfr.jar;D:\develop\Java\jdk1.8.0_191\jre\classes, java.vendor=Oracle Corporation, localRepository=D:\develop\apache-maven-3.3.9\repository, file.separator=\, java.vendor.url.bug=http://bugreport.sun.com/bugreport/, sun.io.unicode.encoding=UnicodeLittle, sun.cpu.endian=little, sun.desktop=windows, sun.cpu.isalist=pentium_pro+mmx pentium_pro pentium+mmx pentium i486 i386 i86}}, SystemEnvironmentPropertySource@12498329 {name='systemEnvironment', properties={PATH=C:\Program Files (x86)\Common Files\Oracle\Java\javapath;D:\develop\apache-maven-3.3.9\bin;D:\develop\Java\jdk1.8.0_191\bin;C:\Program Files (x86)\Intel\iCLS Client\;C:\Program Files\Intel\iCLS Client\;C:\Windows\system32;C:\Windows;C:\Windows\System32\Wbem;C:\Windows\System32\WindowsPowerShell\v1.0\;C:\Program Files\Intel\Intel(R) Management Engine Components\DAL;C:\Program Files\Intel\Intel(R) Management Engine Components\IPT;C:\Program Files (x86)\Intel\Intel(R) Management Engine Components\DAL;C:\Program Files (x86)\Intel\Intel(R) Management Engine Components\IPT;D:\develop\MYSQL\Server\bin;D:\develop\Git\cmd;D:\develop\TortoiseGit\bin, LOCALAPPDATA=C:\Users\YWA\AppData\Local, PROCESSOR_LEVEL=6, SYSTEMDRIVE=C:, COMMONPROGRAMFILES(X86)=C:\Program Files (x86)\Common Files, FP_NO_HOST_CHECK=NO, USERDOMAIN=YWA-PC, LOGONSERVER=\\YWA-PC, JAVA_HOME=D:\develop\Java\jdk1.8.0_191, PROMPT=$P$G, SESSIONNAME=Console, ALLUSERSPROFILE=C:\ProgramData, PROGRAMFILES(X86)=C:\Program Files (x86), PROCESSOR_ARCHITECTURE=x86, TNS_ADMIN=D:\develop, MAVEN_HOME=D:\develop\apache-maven-3.3.9, PROGRAMFILES=C:\Program Files (x86), WINDOWS_TRACING_FLAGS=3, APPDATA=C:\Users\YWA\AppData\Roaming, PSMODULEPATH=C:\Windows\system32\WindowsPowerShell\v1.0\Modules\, PROGRAMW6432=C:\Program Files, PROGRAMDATA=C:\ProgramData, SYSTEMROOT=C:\Windows, USERNAME=YWA, VBOX_MSI_INSTALL_PATH=C:\Program Files\Oracle\VirtualBox\, PATHEXT=.COM;.EXE;.BAT;.CMD;.VBS;.VBE;.JS;.JSE;.WSF;.WSH;.MSC, OS=Windows_NT, PROCESSOR_ARCHITEW6432=AMD64, COMMONPROGRAMW6432=C:\Program Files\Common Files, COMPUTERNAME=YWA-PC, COMMONPROGRAMFILES=C:\Program Files (x86)\Common Files, COMSPEC=C:\Windows\system32\cmd.exe, PROCESSOR_REVISION=3a09, CLASSPATH=.;D:\develop\Java\jdk1.8.0_191\lib;D:\develop\Java\jdk1.8.0_191\lib\tools.jar, NLS_LANG=AMERICAN_AMERICA.ZHS16GBK, WINDIR=C:\Windows, =D:=D:\develop\IntelliJ IDEA 2018.1.2\workspace\sell, HOMEPATH=\Users\YWA, TEMP=C:\Users\YWA\AppData\Local\Temp, HOMEDRIVE=C:, PROCESSOR_IDENTIFIER=Intel64 Family 6 Model 58 Stepping 9, GenuineIntel, USERPROFILE=C:\Users\YWA, TMP=C:\Users\YWA\AppData\Local\Temp, WINDOWS_TRACING_LOGFILE=C:\BVTBin\Tests\installpackage\csilogfile.log, PUBLIC=C:\Users\Public, NUMBER_OF_PROCESSORS=4, =::=::\}}]
23:46:38.961 [main] DEBUG org.springframework.core.io.support.PathMatchingResourcePatternResolver - Resolved classpath location [com/example/sell/] to resources [URL [file:/D:/develop/IntelliJ%20IDEA%202018.1.2/workspace/sell/target/test-classes/com/example/sell/], URL [file:/D:/develop/IntelliJ%20IDEA%202018.1.2/workspace/sell/target/classes/com/example/sell/]]
23:46:38.961 [main] DEBUG org.springframework.core.io.support.PathMatchingResourcePatternResolver - Looking for matching resources in directory tree [D:\develop\IntelliJ IDEA 2018.1.2\workspace\sell\target\test-classes\com\example\sell]
23:46:38.961 [main] DEBUG org.springframework.core.io.support.PathMatchingResourcePatternResolver - Searching directory [D:\develop\IntelliJ IDEA 2018.1.2\workspace\sell\target\test-classes\com\example\sell] for files matching pattern [D:/develop/IntelliJ IDEA 2018.1.2/workspace/sell/target/test-classes/com/example/sell/*.class]
23:46:38.962 [main] DEBUG org.springframework.core.io.support.PathMatchingResourcePatternResolver - Looking for matching resources in directory tree [D:\develop\IntelliJ IDEA 2018.1.2\workspace\sell\target\classes\com\example\sell]
23:46:38.962 [main] DEBUG org.springframework.core.io.support.PathMatchingResourcePatternResolver - Searching directory [D:\develop\IntelliJ IDEA 2018.1.2\workspace\sell\target\classes\com\example\sell] for files matching pattern [D:/develop/IntelliJ IDEA 2018.1.2/workspace/sell/target/classes/com/example/sell/*.class]
23:46:38.964 [main] DEBUG org.springframework.core.io.support.PathMatchingResourcePatternResolver - Resolved location pattern [classpath*:com/example/sell/*.class] to resources [file [D:\develop\IntelliJ IDEA 2018.1.2\workspace\sell\target\test-classes\com\example\sell\webTest.class], file [D:\develop\IntelliJ IDEA 2018.1.2\workspace\sell\target\classes\com\example\sell\App.class]]
23:46:38.967 [main] DEBUG org.springframework.context.annotation.ClassPathScanningCandidateComponentProvider - Identified candidate component class: file [D:\develop\IntelliJ IDEA 2018.1.2\workspace\sell\target\classes\com\example\sell\App.class]
23:46:38.967 [main] INFO org.springframework.boot.test.context.SpringBootTestContextBootstrapper - Found @SpringBootConfiguration com.example.sell.App for test class com.example.sell.webTest
23:46:38.970 [main] DEBUG org.springframework.boot.test.context.SpringBootTestContextBootstrapper - @TestExecutionListeners is not present for class [com.example.sell.webTest]: using defaults.
23:46:38.974 [main] INFO org.springframework.boot.test.context.SpringBootTestContextBootstrapper - Loaded default TestExecutionListener class names from location [META-INF/spring.factories]: [org.springframework.boot.test.mock.mockito.MockitoTestExecutionListener, org.springframework.boot.test.mock.mockito.ResetMocksTestExecutionListener, org.springframework.boot.test.autoconfigure.restdocs.RestDocsTestExecutionListener, org.springframework.boot.test.autoconfigure.web.client.MockRestServiceServerResetTestExecutionListener, org.springframework.boot.test.autoconfigure.web.servlet.MockMvcPrintOnlyOnFailureTestExecutionListener, org.springframework.boot.test.autoconfigure.web.servlet.WebDriverTestExecutionListener, org.springframework.test.context.web.ServletTestExecutionListener, org.springframework.test.context.support.DirtiesContextBeforeModesTestExecutionListener, org.springframework.test.context.support.DependencyInjectionTestExecutionListener, org.springframework.test.context.support.DirtiesContextTestExecutionListener, org.springframework.test.context.transaction.TransactionalTestExecutionListener, org.springframework.test.context.jdbc.SqlScriptsTestExecutionListener]
23:46:38.985 [main] INFO org.springframework.boot.test.context.SpringBootTestContextBootstrapper - Using TestExecutionListeners: [org.springframework.test.context.web.ServletTestExecutionListener@364841, org.springframework.test.context.support.DirtiesContextBeforeModesTestExecutionListener@c4711c, org.springframework.boot.test.autoconfigure.SpringBootDependencyInjectionTestExecutionListener@1717824, org.springframework.test.context.support.DirtiesContextTestExecutionListener@6044d7, org.springframework.test.context.transaction.TransactionalTestExecutionListener@9e725a, org.springframework.test.context.jdbc.SqlScriptsTestExecutionListener@1d9bc04, org.springframework.boot.test.mock.mockito.MockitoTestExecutionListener@13b46c3, org.springframework.boot.test.mock.mockito.ResetMocksTestExecutionListener@16be40f, org.springframework.boot.test.autoconfigure.restdocs.RestDocsTestExecutionListener@a50da, org.springframework.boot.test.autoconfigure.web.client.MockRestServiceServerResetTestExecutionListener@6be2c3, org.springframework.boot.test.autoconfigure.web.servlet.MockMvcPrintOnlyOnFailureTestExecutionListener@17badd3, org.springframework.boot.test.autoconfigure.web.servlet.WebDriverTestExecutionListener@1be656f]
23:46:38.988 [main] DEBUG org.springframework.test.annotation.ProfileValueUtils - Retrieved @ProfileValueSourceConfiguration [null] for test class [com.example.sell.service.SellerInfoServiceTest]
23:46:38.989 [main] DEBUG org.springframework.test.annotation.ProfileValueUtils - Retrieved ProfileValueSource type [class org.springframework.test.annotation.SystemProfileValueSource] for class [com.example.sell.service.SellerInfoServiceTest]
23:46:38.989 [main] DEBUG org.springframework.test.annotation.ProfileValueUtils - Retrieved @ProfileValueSourceConfiguration [null] for test class [com.example.sell.webTest]
23:46:38.990 [main] DEBUG org.springframework.test.annotation.ProfileValueUtils - Retrieved ProfileValueSource type [class org.springframework.test.annotation.SystemProfileValueSource] for class [com.example.sell.webTest]
23:46:38.992 [main] DEBUG org.springframework.test.context.junit4.SpringJUnit4ClassRunner - SpringJUnit4ClassRunner constructor called with [class com.example.sell.service.SellerInfoServiceTest]
23:46:38.992 [main] DEBUG org.springframework.test.context.BootstrapUtils - Instantiating CacheAwareContextLoaderDelegate from class [org.springframework.test.context.cache.DefaultCacheAwareContextLoaderDelegate]
23:46:38.992 [main] DEBUG org.springframework.test.context.BootstrapUtils - Instantiating BootstrapContext using constructor [public org.springframework.test.context.support.DefaultBootstrapContext(java.lang.Class,org.springframework.test.context.CacheAwareContextLoaderDelegate)]
23:46:38.993 [main] DEBUG org.springframework.test.context.BootstrapUtils - Instantiating TestContextBootstrapper for test class [com.example.sell.service.SellerInfoServiceTest] from class [org.springframework.boot.test.context.SpringBootTestContextBootstrapper]
23:46:38.993 [main] INFO org.springframework.boot.test.context.SpringBootTestContextBootstrapper - Neither @ContextConfiguration nor @ContextHierarchy found for test class [com.example.sell.service.SellerInfoServiceTest], using SpringBootContextLoader
23:46:38.994 [main] DEBUG org.springframework.test.context.support.AbstractContextLoader - Did not detect default resource location for test class [com.example.sell.service.SellerInfoServiceTest]: class path resource [com/example/sell/service/SellerInfoServiceTest-context.xml] does not exist
23:46:38.994 [main] DEBUG org.springframework.test.context.support.AbstractContextLoader - Did not detect default resource location for test class [com.example.sell.service.SellerInfoServiceTest]: class path resource [com/example/sell/service/SellerInfoServiceTestContext.groovy] does not exist
23:46:38.994 [main] INFO org.springframework.test.context.support.AbstractContextLoader - Could not detect default resource locations for test class [com.example.sell.service.SellerInfoServiceTest]: no resource found for suffixes {-context.xml, Context.groovy}.
23:46:38.995 [main] INFO org.springframework.test.context.support.AnnotationConfigContextLoaderUtils - Could not detect default configuration classes for test class [com.example.sell.service.SellerInfoServiceTest]: SellerInfoServiceTest does not declare any static, non-private, non-final, nested classes annotated with @Configuration.
23:46:38.999 [main] DEBUG org.springframework.test.context.support.ActiveProfilesUtils - Could not find an 'annotation declaring class' for annotation type [org.springframework.test.context.ActiveProfiles] and class [com.example.sell.service.SellerInfoServiceTest]
23:46:38.999 [main] DEBUG org.springframework.core.env.StandardEnvironment - Adding PropertySource 'systemProperties' with lowest search precedence
23:46:38.999 [main] DEBUG org.springframework.core.env.StandardEnvironment - Adding PropertySource 'systemEnvironment' with lowest search precedence
23:46:38.999 [main] DEBUG org.springframework.core.env.StandardEnvironment - Initialized StandardEnvironment with PropertySources [MapPropertySource@13816657 {name='systemProperties', properties={idea.version=2018.1.2, java.runtime.name=Java(TM) SE Runtime Environment, sun.boot.library.path=D:\develop\Java\jdk1.8.0_191\jre\bin, java.vm.version=25.191-b12, java.vm.vendor=Oracle Corporation, java.vendor.url=http://java.oracle.com/, path.separator=;, java.vm.name=Java HotSpot(TM) Client VM, file.encoding.pkg=sun.io, user.country=CN, user.script=, sun.java.launcher=SUN_STANDARD, sun.os.patch.level=Service Pack 1, java.vm.specification.name=Java Virtual Machine Specification, user.dir=D:\develop\IntelliJ IDEA 2018.1.2\workspace\sell, java.runtime.version=1.8.0_191-b12, basedir=D:\develop\IntelliJ IDEA 2018.1.2\workspace\sell, java.awt.graphicsenv=sun.awt.Win32GraphicsEnvironment, java.endorsed.dirs=D:\develop\Java\jdk1.8.0_191\jre\lib\endorsed, os.arch=x86, surefire.real.class.path=D:\develop\IntelliJ IDEA 2018.1.2\workspace\sell\target\surefire\surefirebooter1952850897608110266.jar, java.io.tmpdir=C:\Users\YWA\AppData\Local\Temp\, line.separator=
, java.vm.specification.vendor=Oracle Corporation, user.variant=, os.name=Windows 7, sun.jnu.encoding=GBK, java.library.path=D:\develop\Java\jdk1.8.0_191\jre\bin;C:\Windows\Sun\Java\bin;C:\Windows\system32;C:\Windows;C:\Program Files (x86)\Common Files\Oracle\Java\javapath;D:\develop\apache-maven-3.3.9\bin;D:\develop\Java\jdk1.8.0_191\bin;C:\Program Files (x86)\Intel\iCLS Client\;C:\Program Files\Intel\iCLS Client\;C:\Windows\system32;C:\Windows;C:\Windows\System32\Wbem;C:\Windows\System32\WindowsPowerShell\v1.0\;C:\Program Files\Intel\Intel(R) Management Engine Components\DAL;C:\Program Files\Intel\Intel(R) Management Engine Components\IPT;C:\Program Files (x86)\Intel\Intel(R) Management Engine Components\DAL;C:\Program Files (x86)\Intel\Intel(R) Management Engine Components\IPT;D:\develop\MYSQL\Server\bin;D:\develop\Git\cmd;D:\develop\TortoiseGit\bin;., surefire.test.class.path=D:\develop\IntelliJ IDEA 2018.1.2\workspace\sell\target\test-classes;D:\develop\IntelliJ IDEA 2018.1.2\workspace\sell\target\classes;D:\develop\apache-maven-3.3.9\repository\org\springframework\boot\spring-boot-starter-web\1.5.10.RELEASE\spring-boot-starter-web-1.5.10.RELEASE.jar;D:\develop\apache-maven-3.3.9\repository\org\springframework\boot\spring-boot-starter\1.5.10.RELEASE\spring-boot-starter-1.5.10.RELEASE.jar;D:\develop\apache-maven-3.3.9\repository\org\springframework\boot\spring-boot-starter-logging\1.5.10.RELEASE\spring-boot-starter-logging-1.5.10.RELEASE.jar;D:\develop\apache-maven-3.3.9\repository\ch\qos\logback\logback-classic\1.1.11\logback-classic-1.1.11.jar;D:\develop\apache-maven-3.3.9\repository\ch\qos\logback\logback-core\1.1.11\logback-core-1.1.11.jar;D:\develop\apache-maven-3.3.9\repository\org\slf4j\jcl-over-slf4j\1.7.25\jcl-over-slf4j-1.7.25.jar;D:\develop\apache-maven-3.3.9\repository\org\slf4j\jul-to-slf4j\1.7.25\jul-to-slf4j-1.7.25.jar;D:\develop\apache-maven-3.3.9\repository\org\slf4j\log4j-over-slf4j\1.7.25\log4j-over-slf4j-1.7.25.jar;D:\develop\apache-maven-3.3.9\repository\org\yaml\snakeyaml\1.17\snakeyaml-1.17.jar;D:\develop\apache-maven-3.3.9\repository\org\springframework\boot\spring-boot-starter-tomcat\1.5.10.RELEASE\spring-boot-starter-tomcat-1.5.10.RELEASE.jar;D:\develop\apache-maven-3.3.9\repository\org\apache\tomcat\embed\tomcat-embed-core\8.5.27\tomcat-embed-core-8.5.27.jar;D:\develop\apache-maven-3.3.9\repository\org\apache\tomcat\tomcat-annotations-api\8.5.27\tomcat-annotations-api-8.5.27.jar;D:\develop\apache-maven-3.3.9\repository\org\apache\tomcat\embed\tomcat-embed-el\8.5.27\tomcat-embed-el-8.5.27.jar;D:\develop\apache-maven-3.3.9\repository\org\apache\tomcat\embed\tomcat-embed-websocket\8.5.27\tomcat-embed-websocket-8.5.27.jar;D:\develop\apache-maven-3.3.9\repository\org\hibernate\hibernate-validator\5.3.6.Final\hibernate-validator-5.3.6.Final.jar;D:\develop\apache-maven-3.3.9\repository\javax\validation\validation-api\1.1.0.Final\validation-api-1.1.0.Final.jar;D:\develop\apache-maven-3.3.9\repository\org\jboss\logging\jboss-logging\3.3.1.Final\jboss-logging-3.3.1.Final.jar;D:\develop\apache-maven-3.3.9\repository\com\fasterxml\classmate\1.3.4\classmate-1.3.4.jar;D:\develop\apache-maven-3.3.9\repository\com\fasterxml\jackson\core\jackson-databind\2.8.10\jackson-databind-2.8.10.jar;D:\develop\apache-maven-3.3.9\repository\com\fasterxml\jackson\core\jackson-annotations\2.8.0\jackson-annotations-2.8.0.jar;D:\develop\apache-maven-3.3.9\repository\com\fasterxml\jackson\core\jackson-core\2.8.10\jackson-core-2.8.10.jar;D:\develop\apache-maven-3.3.9\repository\org\springframework\spring-web\4.3.14.RELEASE\spring-web-4.3.14.RELEASE.jar;D:\develop\apache-maven-3.3.9\repository\org\springframework\spring-aop\4.3.14.RELEASE\spring-aop-4.3.14.RELEASE.jar;D:\develop\apache-maven-3.3.9\repository\org\springframework\spring-beans\4.3.14.RELEASE\spring-beans-4.3.14.RELEASE.jar;D:\develop\apache-maven-3.3.9\repository\org\springframework\spring-context\4.3.14.RELEASE\spring-context-4.3.14.RELEASE.jar;D:\develop\apache-maven-3.3.9\repository\org\springframework\spring-webmvc\4.3.14.RELEASE\spring-webmvc-4.3.14.RELEASE.jar;D:\develop\apache-maven-3.3.9\repository\org\springframework\spring-expression\4.3.14.RELEASE\spring-expression-4.3.14.RELEASE.jar;D:\develop\apache-maven-3.3.9\repository\org\springframework\boot\spring-boot-starter-test\1.5.10.RELEASE\spring-boot-starter-test-1.5.10.RELEASE.jar;D:\develop\apache-maven-3.3.9\repository\org\springframework\boot\spring-boot-test\1.5.10.RELEASE\spring-boot-test-1.5.10.RELEASE.jar;D:\develop\apache-maven-3.3.9\repository\org\springframework\boot\spring-boot-test-autoconfigure\1.5.10.RELEASE\spring-boot-test-autoconfigure-1.5.10.RELEASE.jar;D:\develop\apache-maven-3.3.9\repository\com\jayway\jsonpath\json-path\2.2.0\json-path-2.2.0.jar;D:\develop\apache-maven-3.3.9\repository\net\minidev\json-smart\2.2.1\json-smart-2.2.1.jar;D:\develop\apache-maven-3.3.9\repository\net\minidev\accessors-smart\1.1\accessors-smart-1.1.jar;D:\develop\apache-maven-3.3.9\repository\org\ow2\asm\asm\5.0.3\asm-5.0.3.jar;D:\develop\apache-maven-3.3.9\repository\org\slf4j\slf4j-api\1.7.25\slf4j-api-1.7.25.jar;D:\develop\apache-maven-3.3.9\repository\junit\junit\4.12\junit-4.12.jar;D:\develop\apache-maven-3.3.9\repository\org\assertj\assertj-core\2.6.0\assertj-core-2.6.0.jar;D:\develop\apache-maven-3.3.9\repository\org\mockito\mockito-core\1.10.19\mockito-core-1.10.19.jar;D:\develop\apache-maven-3.3.9\repository\org\objenesis\objenesis\2.1\objenesis-2.1.jar;D:\develop\apache-maven-3.3.9\repository\org\hamcrest\hamcrest-core\1.3\hamcrest-core-1.3.jar;D:\develop\apache-maven-3.3.9\repository\org\hamcrest\hamcrest-library\1.3\hamcrest-library-1.3.jar;D:\develop\apache-maven-3.3.9\repository\org\skyscreamer\jsonassert\1.4.0\jsonassert-1.4.0.jar;D:\develop\apache-maven-3.3.9\repository\com\vaadin\external\google\android-json\0.0.20131108.vaadin1\android-json-0.0.20131108.vaadin1.jar;D:\develop\apache-maven-3.3.9\repository\org\springframework\spring-core\4.3.14.RELEASE\spring-core-4.3.14.RELEASE.jar;D:\develop\apache-maven-3.3.9\repository\org\springframework\spring-test\4.3.14.RELEASE\spring-test-4.3.14.RELEASE.jar;D:\develop\apache-maven-3.3.9\repository\mysql\mysql-connector-java\5.1.45\mysql-connector-java-5.1.45.jar;D:\develop\apache-maven-3.3.9\repository\com\alibaba\druid\1.0.9\druid-1.0.9.jar;D:\develop\Java\jdk1.8.0_191\jre\..\lib\jconsole.jar;D:\develop\Java\jdk1.8.0_191\jre\..\lib\tools.jar;D:\develop\apache-maven-3.3.9\repository\org\projectlombok\lombok\1.16.20\lombok-1.16.20.jar;D:\develop\apache-maven-3.3.9\repository\org\springframework\boot\spring-boot-devtools\1.5.10.RELEASE\spring-boot-devtools-1.5.10.RELEASE.jar;D:\develop\apache-maven-3.3.9\repository\org\springframework\boot\spring-boot\1.5.10.RELEASE\spring-boot-1.5.10.RELEASE.jar;D:\develop\apache-maven-3.3.9\repository\org\springframework\boot\spring-boot-autoconfigure\1.5.10.RELEASE\spring-boot-autoconfigure-1.5.10.RELEASE.jar;D:\develop\apache-maven-3.3.9\repository\org\mybatis\spring\boot\mybatis-spring-boot-starter\1.2.1\mybatis-spring-boot-starter-1.2.1.jar;D:\develop\apache-maven-3.3.9\repository\org\springframework\boot\spring-boot-starter-jdbc\1.5.10.RELEASE\spring-boot-starter-jdbc-1.5.10.RELEASE.jar;D:\develop\apache-maven-3.3.9\repository\org\apache\tomcat\tomcat-jdbc\8.5.27\tomcat-jdbc-8.5.27.jar;D:\develop\apache-maven-3.3.9\repository\org\apache\tomcat\tomcat-juli\8.5.27\tomcat-juli-8.5.27.jar;D:\develop\apache-maven-3.3.9\repository\org\springframework\spring-jdbc\4.3.14.RELEASE\spring-jdbc-4.3.14.RELEASE.jar;D:\develop\apache-maven-3.3.9\repository\org\springframework\spring-tx\4.3.14.RELEASE\spring-tx-4.3.14.RELEASE.jar;D:\develop\apache-maven-3.3.9\repository\org\mybatis\spring\boot\mybatis-spring-boot-autoconfigure\1.2.1\mybatis-spring-boot-autoconfi
[...]

   DevToolsDataSourceAutoConfiguration.DatabaseShutdownExecutorJpaDependencyConfiguration:
      Did not match:
         - @ConditionalOnClass did not find required class 'org.springframework.orm.jpa.LocalContainerEntityManagerFactoryBean' (OnClassCondition)

   DeviceDelegatingViewResolverAutoConfiguration:
      Did not match:
         - @ConditionalOnClass did not find required class 'org.springframework.mobile.device.view.LiteDeviceDelegatingViewResolver' (OnClassCondition)

   DeviceResolverAutoConfiguration:
      Did not match:
         - @ConditionalOnClass did not find required classes 'org.springframework.mobile.device.DeviceResolverHandlerInterceptor', 'org.springframework.mobile.device.DeviceHandlerMethodArgumentResolver' (OnClassCondition)

   DispatcherServletAutoConfiguration.DispatcherServletConfiguration#multipartResolver:
      Did not match:
         - @ConditionalOnBean (types: org.springframework.web.multipart.MultipartResolver; SearchStrategy: all) did not find any beans (OnBeanCondition)

   EhCacheCacheConfiguration:
      Did not match:
         - @ConditionalOnClass did not find required classes 'net.sf.ehcache.Cache', 'org.springframework.cache.ehcache.EhCacheCacheManager' (OnClassCondition)

   ElasticsearchAutoConfiguration:
      Did not match:
         - @ConditionalOnClass did not find required classes 'org.elasticsearch.client.Client', 'org.springframework.data.elasticsearch.client.TransportClientFactoryBean', 'org.springframework.data.elasticsearch.client.NodeClientFactoryBean' (OnClassCondition)

   ElasticsearchDataAutoConfiguration:
      Did not match:
         - @ConditionalOnClass did not find required classes 'org.elasticsearch.client.Client', 'org.springframework.data.elasticsearch.core.ElasticsearchTemplate' (OnClassCondition)

   ElasticsearchRepositoriesAutoConfiguration:
      Did not match:
         - @ConditionalOnClass did not find required classes 'org.elasticsearch.client.Client', 'org.springframework.data.elasticsearch.repository.ElasticsearchRepository' (OnClassCondition)

   EmbeddedLdapAutoConfiguration:
      Did not match:
         - @ConditionalOnClass did not find required class 'com.unboundid.ldap.listener.InMemoryDirectoryServer' (OnClassCondition)

   EmbeddedMongoAutoConfiguration:
      Did not match:
         - @ConditionalOnClass did not find required classes 'com.mongodb.MongoClient', 'de.flapdoodle.embed.mongo.MongodStarter' (OnClassCondition)

   EmbeddedServletContainerAutoConfiguration.EmbeddedJetty:
      Did not match:
         - @ConditionalOnClass did not find required classes 'org.eclipse.jetty.server.Server', 'org.eclipse.jetty.util.Loader', 'org.eclipse.jetty.webapp.WebAppContext' (OnClassCondition)

   EmbeddedServletContainerAutoConfiguration.EmbeddedUndertow:
      Did not match:
         - @ConditionalOnClass did not find required classes 'io.undertow.Undertow', 'org.xnio.SslClientAuthMode' (OnClassCondition)

   FacebookAutoConfiguration:
      Did not match:
         - @ConditionalOnClass did not find required classes 'org.springframework.social.config.annotation.SocialConfigurerAdapter', 'org.springframework.social.facebook.connect.FacebookConnectionFactory' (OnClassCondition)

   FallbackWebSecurityAutoConfiguration:
      Did not match:
         - @ConditionalOnClass did not find required class 'org.springframework.security.config.annotation.web.configuration.EnableWebSecurity' (OnClassCondition)

   FlywayAutoConfiguration:
      Did not match:
         - @ConditionalOnClass did not find required class 'org.flywaydb.core.Flyway' (OnClassCondition)

   FreeMarkerAutoConfiguration:
      Did not match:
         - @ConditionalOnClass did not find required classes 'freemarker.template.Configuration', 'org.springframework.ui.freemarker.FreeMarkerConfigurationFactory' (OnClassCondition)

   GroovyTemplateAutoConfiguration:
      Did not match:
         - @ConditionalOnClass did not find required class 'groovy.text.markup.MarkupTemplateEngine' (OnClassCondition)

   GsonAutoConfiguration:
      Did not match:
         - @ConditionalOnClass did not find required class 'com.google.gson.Gson' (OnClassCondition)

   GsonHttpMessageConvertersConfiguration:
      Did not match:
         - @ConditionalOnClass did not find required class 'com.google.gson.Gson' (OnClassCondition)

   GuavaCacheConfiguration:
      Did not match:
         - @ConditionalOnClass did not find required classes 'com.google.common.cache.CacheBuilder', 'org.springframework.cache.guava.GuavaCacheManager' (OnClassCondition)

   H2ConsoleAutoConfiguration:
      Did not match:
         - @ConditionalOnClass did not find required class 'org.h2.server.web.WebServlet' (OnClassCondition)

   HazelcastAutoConfiguration:
      Did not match:
         - @ConditionalOnClass did not find required class 'com.hazelcast.core.HazelcastInstance' (OnClassCondition)

   HazelcastCacheConfiguration:
      Did not match:
         - @ConditionalOnClass did not find required classes 'com.hazelcast.core.HazelcastInstance', 'com.hazelcast.spring.cache.HazelcastCacheManager' (OnClassCondition)

   HazelcastJpaDependencyAutoConfiguration:
      Did not match:
         - @ConditionalOnClass did not find required classes 'com.hazelcast.core.HazelcastInstance', 'org.springframework.orm.jpa.LocalContainerEntityManagerFactoryBean' (OnClassCondition)

   HibernateJpaAutoConfiguration:
      Did not match:
         - @ConditionalOnClass did not find required classes 'org.springframework.orm.jpa.LocalContainerEntityManagerFactoryBean', 'javax.persistence.EntityManager' (OnClassCondition)

   HypermediaAutoConfiguration:
      Did not match:
         - @ConditionalOnClass did not find required classes 'org.springframework.hateoas.Resource', 'org.springframework.plugin.core.Plugin' (OnClassCondition)

   InfinispanCacheConfiguration:
      Did not match:
         - @ConditionalOnClass did not find required class 'org.infinispan.spring.provider.SpringEmbeddedCacheManager' (OnClassCondition)

   IntegrationAutoConfiguration:
      Did not match:
         - @ConditionalOnClass did not find required class 'org.springframework.integration.config.EnableIntegration' (OnClassCondition)

   JCacheCacheConfiguration:
      Did not match:
         - @ConditionalOnClass did not find required classes 'javax.cache.Caching', 'org.springframework.cache.jcache.JCacheCacheManager' (OnClassCondition)

   JacksonAutoConfiguration.JodaDateTimeJacksonConfiguration:
      Did not match:
         - @ConditionalOnClass did not find required classes 'org.joda.time.DateTime', 'com.fasterxml.jackson.datatype.joda.ser.DateTimeSerializer', 'com.fasterxml.jackson.datatype.joda.cfg.JacksonJodaDateFormat' (OnClassCondition)

   JacksonAutoConfiguration.ParameterNamesModuleConfiguration:
      Did not match:
         - @ConditionalOnClass did not find required class 'com.fasterxml.jackson.module.paramnames.ParameterNamesModule' (OnClassCondition)

   JacksonHttpMessageConvertersConfiguration.MappingJackson2XmlHttpMessageConverterConfiguration:
      Did not match:
         - @ConditionalOnClass did not find required class 'com.fasterxml.jackson.dataformat.xml.XmlMapper' (OnClassCondition)

   JerseyAutoConfiguration:
      Did not match:
         - @ConditionalOnClass did not find required class 'org.glassfish.jersey.server.spring.SpringComponentProvider' (OnClassCondition)

   JestAutoConfiguration:
      Did not match:
         - @ConditionalOnClass did not find required class 'io.searchbox.client.JestClient' (OnClassCondition)

   JmsAutoConfiguration:
      Did not match:
         - @ConditionalOnClass did not find required classes 'javax.jms.Message', 'org.springframework.jms.core.JmsTemplate' (OnClassCondition)

   JmxAutoConfiguration:
      Did not match:
         - @ConditionalOnProperty (spring.jmx.enabled=true) found different value in property 'enabled' (OnPropertyCondition)
      Matched:
         - @ConditionalOnClass found required class 'org.springframework.jmx.export.MBeanExporter'; @ConditionalOnMissingClass did not find unwanted class (OnClassCondition)

   JndiConnectionFactoryAutoConfiguration:
      Did not match:
         - @ConditionalOnClass did not find required class 'org.springframework.jms.core.JmsTemplate' (OnClassCondition)

   JndiDataSourceAutoConfiguration:
      Did not match:
         - @ConditionalOnProperty (spring.datasource.jndi-name) did not find property 'jndi-name' (OnPropertyCondition)
      Matched:
         - @ConditionalOnClass found required classes 'javax.sql.DataSource', 'org.springframework.jdbc.datasource.embedded.EmbeddedDatabaseType'; @ConditionalOnMissingClass did not find unwanted class (OnClassCondition)

   JooqAutoConfiguration:
      Did not match:
         - @ConditionalOnClass did not find required class 'org.jooq.DSLContext' (OnClassCondition)

   JpaRepositoriesAutoConfiguration:
      Did not match:
         - @ConditionalOnClass did not find required class 'org.springframework.data.jpa.repository.JpaRepository' (OnClassCondition)

   JtaAutoConfiguration:
      Did not match:
         - @ConditionalOnClass did not find required class 'javax.transaction.Transaction' (OnClassCondition)

   KafkaAutoConfiguration:
      Did not match:
         - @ConditionalOnClass did not find required class 'org.springframework.kafka.core.KafkaTemplate' (OnClassCondition)

   LdapAutoConfiguration:
      Did not match:
         - @ConditionalOnClass did not find required class 'org.springframework.ldap.core.ContextSource' (OnClassCondition)

   LdapDataAutoConfiguration:
      Did not match:
         - @ConditionalOnClass did not find required class 'org.springframework.data.ldap.repository.LdapRepository' (OnClassCondition)

   LdapRepositoriesAutoConfiguration:
      Did not match:
         - @ConditionalOnClass did not find required class 'org.springframework.data.ldap.repository.LdapRepository' (OnClassCondition)

   LinkedInAutoConfiguration:
      Did not match:
         - @ConditionalOnClass did not find required classes 'org.springframework.social.config.annotation.SocialConfigurerAdapter', 'org.springframework.social.linkedin.connect.LinkedInConnectionFactory' (OnClassCondition)

   LiquibaseAutoConfiguration:
      Did not match:
         - @ConditionalOnClass did not find required class 'liquibase.integration.spring.SpringLiquibase' (OnClassCondition)

   LocalDevToolsAutoConfiguration:
      Did not match:
         - Initialized Restarter Condition initialized without URLs (OnInitializedRestarterCondition)

   MailSenderAutoConfiguration:
      Did not match:
         - @ConditionalOnClass did not find required class 'javax.mail.internet.MimeMessage' (OnClassCondition)

   MailSenderValidatorAutoConfiguration:
      Did not match:
         - @ConditionalOnProperty (spring.mail.test-connection) did not find property 'test-connection' (OnPropertyCondition)

   MessageSourceAutoConfiguration:
      Did not match:
         - ResourceBundle did not find bundle with basename messages (MessageSourceAutoConfiguration.ResourceBundleCondition)

   MongoAutoConfiguration:
      Did not match:
         - @ConditionalOnClass did not find required class 'com.mongodb.MongoClient' (OnClassCondition)

   MongoDataAutoConfiguration:
      Did not match:
         - @ConditionalOnClass did not find required classes 'com.mongodb.MongoClient', 'org.springframework.data.mongodb.core.MongoTemplate' (OnClassCondition)

   MongoRepositoriesAutoConfiguration:
      Did not match:
         - @ConditionalOnClass did not find required classes 'com.mongodb.MongoClient', 'org.springframework.data.mongodb.repository.MongoRepository' (OnClassCondition)

   MustacheAutoConfiguration:
      Did not match:
         - @ConditionalOnClass did not find required class 'com.samskivert.mustache.Mustache' (OnClassCondition)

   Neo4jDataAutoConfiguration:
      Did not match:
         - @ConditionalOnClass did not find required classes 'org.neo4j.ogm.session.SessionFactory', 'org.springframework.data.neo4j.transaction.Neo4jTransactionManager' (OnClassCondition)

   Neo4jRepositoriesAutoConfiguration:
      Did not match:
         - @ConditionalOnClass did not find required classes 'org.neo4j.ogm.session.Neo4jSession', 'org.springframework.data.neo4j.repository.GraphRepository' (OnClassCondition)

   OAuth2AutoConfiguration:
      Did not match:
         - @ConditionalOnClass did not find required class 'org.springframework.security.oauth2.common.OAuth2AccessToken' (OnClassCondition)

   ProjectInfoAutoConfiguration#buildProperties:
      Did not match:
         - @ConditionalOnResource did not find resource '${spring.info.build.location:classpath:META-INF/build-info.properties}' (OnResourceCondition)

   ProjectInfoAutoConfiguration#gitProperties:
      Did not match:
         - GitResource did not find git info at classpath:git.properties (ProjectInfoAutoConfiguration.GitResourceAvailableCondition)

   RabbitAutoConfiguration:
      Did not match:
         - @ConditionalOnClass did not find required classes 'org.springframework.amqp.rabbit.core.RabbitTemplate', 'com.rabbitmq.client.Channel' (OnClassCondition)

   ReactorAutoConfiguration:
      Did not match:
         - @ConditionalOnClass did not find required classes 'reactor.spring.context.config.EnableReactor', 'reactor.Environment' (OnClassCondition)

   RedisAutoConfiguration:
      Did not match:
         - @ConditionalOnClass did not find required classes 'org.springframework.data.redis.connection.jedis.JedisConnection', 'org.springframework.data.redis.core.RedisOperations', 'redis.clients.jedis.Jedis' (OnClassCondition)

   RedisRepositoriesAutoConfiguration:
      Did not match:
         - @ConditionalOnClass did not find required classes 'redis.clients.jedis.Jedis', 'org.springframework.data.redis.repository.configuration.EnableRedisRepositories' (OnClassCondition)

   RemoteDevToolsAutoConfiguration:
      Did not match:
         - @ConditionalOnProperty (spring.devtools.remote.secret) did not find property 'secret' (OnPropertyCondition)
      Matched:
         - @ConditionalOnClass found required classes 'javax.servlet.Filter', 'org.springframework.http.server.ServerHttpRequest'; @ConditionalOnMissingClass did not find unwanted class (OnClassCondition)

   RepositoryRestMvcAutoConfiguration:
      Did not match:
         - @ConditionalOnClass did not find required class 'org.springframework.data.rest.webmvc.config.RepositoryRestMvcConfiguration' (OnClassCondition)

   SecurityAutoConfiguration:
      Did not match:
         - @ConditionalOnClass did not find required classes 'org.springframework.security.authentication.AuthenticationManager', 'org.springframework.security.config.annotation.authentication.configurers.GlobalAuthenticationConfigurerAdapter' (OnClassCondition)

   SecurityFilterAutoConfiguration:
      Did not match:
         - @ConditionalOnClass did not find required classes 'org.springframework.security.web.context.AbstractSecurityWebApplicationInitializer', 'org.springframework.security.config.http.SessionCreationPolicy' (OnClassCondition)

   SendGridAutoConfiguration:
      Did not match:
         - @ConditionalOnClass did not find required class 'com.sendgrid.SendGrid' (OnClassCondition)

   SessionAutoConfiguration:
      Did not match:
         - @ConditionalOnClass did not find required class 'org.springframework.session.Session' (OnClassCondition)

   SitePreferenceAutoConfiguration:
      Did not match:
         - @ConditionalOnClass did not find required classes 'org.springframework.mobile.device.site.SitePreferenceHandlerInterceptor', 'org.springframework.mobile.device.site.SitePreferenceHandlerMethodArgumentResolver' (OnClassCondition)

   SocialWebAutoConfiguration:
      Did not match:
         - @ConditionalOnClass did not find required classes 'org.springframework.social.connect.web.ConnectController', 'org.springframework.social.config.annotation.SocialConfigurerAdapter' (OnClassCondition)

   SolrAutoConfiguration:
      Did not match:
         - @ConditionalOnClass did not find required classes 'org.apache.solr.client.solrj.impl.HttpSolrClient', 'org.apache.solr.client.solrj.impl.CloudSolrClient' (OnClassCondition)

   SolrRepositoriesAutoConfiguration:
      Did not match:
         - @ConditionalOnClass did not find required classes 'org.apache.solr.client.solrj.SolrClient', 'org.springframework.data.solr.repository.SolrRepository' (OnClassCondition)

   SpringApplicationAdminJmxAutoConfiguration:
      Did not match:
         - @ConditionalOnProperty (spring.application.admin.enabled=true) did not find property 'enabled' (OnPropertyCondition)

   SpringDataWebAutoConfiguration:
      Did not match:
         - @ConditionalOnClass did not find required class 'org.springframework.data.web.PageableHandlerMethodArgumentResolver' (OnClassCondition)

   ThymeleafAutoConfiguration:
      Did not match:
         - @ConditionalOnClass did not find required class 'org.thymeleaf.spring4.SpringTemplateEngine' (OnClassCondition)

   TransactionAutoConfiguration.EnableTransactionManagementConfiguration.JdkDynamicAutoProxyConfiguration:
      Did not match:
         - @ConditionalOnProperty (spring.aop.proxy-target-class=false) did not find property 'proxy-target-class' (OnPropertyCondition)

   TwitterAutoConfiguration:
      Did not match:
         - @ConditionalOnClass did not find required classes 'org.springframework.social.config.annotation.SocialConfigurerAdapter', 'org.springframework.social.twitter.connect.TwitterConnectionFactory' (OnClassCondition)

   WebMvcAutoConfiguration.ResourceChainCustomizerConfiguration:
      Did not match:
         - @ConditionalOnEnabledResourceChain did not find class org.webjars.WebJarAssetLocator (OnEnabledResourceChainCondition)

   WebMvcAutoConfiguration.WebMvcAutoConfigurationAdapter#beanNameViewResolver:
      Did not match:
         - @ConditionalOnMissingBean (types: org.springframework.web.servlet.view.BeanNameViewResolver; SearchStrategy: all) found bean 'beanNameViewResolver' (OnBeanCondition)

   WebMvcAutoConfiguration.WebMvcAutoConfigurationAdapter#dateFormatter:
      Did not match:
         - @ConditionalOnProperty (spring.mvc.date-format) did not find property 'date-format' (OnPropertyCondition)

   WebMvcAutoConfiguration.WebMvcAutoConfigurationAdapter#localeResolver:
      Did not match:
         - @ConditionalOnProperty (spring.mvc.locale) did not find property 'locale' (OnPropertyCondition)

   WebServicesAutoConfiguration:
      Did not match:
         - @ConditionalOnClass did not find required class 'org.springframework.ws.transport.http.MessageDispatcherServlet' (OnClassCondition)

   WebSocketAutoConfiguration.JettyWebSocketConfiguration:
      Did not match:
         - @ConditionalOnClass did not find required class 'org.eclipse.jetty.websocket.jsr356.server.deploy.WebSocketServerContainerInitializer' (OnClassCondition)

   WebSocketAutoConfiguration.UndertowWebSocketConfiguration:
      Did not match:
         - @ConditionalOnClass did not find required class 'io.undertow.websockets.jsr.Bootstrap' (OnClassCondition)

   WebSocketMessagingAutoConfiguration:
      Did not match:
         - @ConditionalOnClass did not find required class 'org.springframework.web.socket.config.annotation.WebSocketMessageBrokerConfigurer' (OnClassCondition)

   XADataSourceAutoConfiguration:
      Did not match:
         - @ConditionalOnClass did not find required class 'javax.transaction.TransactionManager' (OnClassCondition)


Exclusions:
-----------

    None


Unconditional classes:
----------------------

    org.springframework.boot.autoconfigure.web.WebClientAutoConfiguration

    org.springframework.boot.autoconfigure.context.PropertyPlaceholderAutoConfiguration

    org.springframework.boot.autoconfigure.context.ConfigurationPropertiesAutoConfiguration

    org.springframework.boot.autoconfigure.info.ProjectInfoAutoConfiguration



]]></system-err>
  </testcase>
</testsuite>